2025-05-27 07:52:13,565 WARNING database DDL Query made to DB:
create table `tabProducts` (
			name varchar(140) primary key,
			creation datetime(6),
			modified datetime(6),
			modified_by varchar(140),
			owner varchar(140),
			docstatus int(1) not null default '0',
			idx int(8) not null default '0',
			`_user_tags` text,
`_comments` text,
`_assign` text,
`_liked_by` text,
index modified(modified))
			ENGINE=InnoDB
			ROW_FORMAT=DYNAMIC
			CHARACTER SET=utf8mb4
			COLLATE=utf8mb4_unicode_ci
2025-05-27 07:53:04,092 WARNING database DDL Query made to DB:
ALTER TABLE `tabProducts` ADD COLUMN `product_name` varchar(140), ADD COLUMN `product_weight` decimal(21,9) not null default 0
2025-05-27 07:53:34,056 WARNING database DDL Query made to DB:
alter table `tabStock Movement Item` add column if not exists parent varchar(140)
2025-05-27 07:53:34,058 WARNING database DDL Query made to DB:
alter table `tabStock Movement Item` add column if not exists parenttype varchar(140)
2025-05-27 07:53:34,059 WARNING database DDL Query made to DB:
alter table `tabStock Movement Item` add column if not exists parentfield varchar(140)
2025-05-27 07:53:34,168 WARNING database DDL Query made to DB:
ALTER TABLE `tabStock Movement Item` MODIFY `qty` decimal(21,9) not null default 0
2025-05-27 07:53:59,092 WARNING database DDL Query made to DB:
ALTER TABLE `tabProducts` MODIFY `product_weight` decimal(21,9) not null default 0, ADD UNIQUE INDEX IF NOT EXISTS product_name (`product_name`)
2025-05-27 07:57:24,922 WARNING database DDL Query made to DB:
ALTER TABLE `tabStock balance` ADD COLUMN `product` varchar(140), ADD COLUMN `location` varchar(140)
2025-05-27 07:58:48,953 WARNING database DDL Query made to DB:
ALTER TABLE `tabStock balance` ADD COLUMN `actual_qty` decimal(21,9) not null default 0
2025-05-27 08:02:26,842 WARNING database DDL Query made to DB:
ALTER TABLE `tabStock balance` MODIFY `actual_qty` decimal(21,9) not null default 0, ADD UNIQUE INDEX IF NOT EXISTS product (`product`)
2025-05-27 09:12:43,563 WARNING database DDL Query made to DB:
ALTER TABLE `tabStock Movement Item` MODIFY `qty` decimal(21,9) not null default 0
2025-05-27 09:12:43,563 WARNING database DDL Query made to DB:
ALTER TABLE `tabStock Movement Item` MODIFY `qty` decimal(21,9) not null default 0
2025-05-27 09:14:32,659 WARNING database DDL Query made to DB:
alter table `tabStock Movement Item` add column if not exists parent varchar(140)
2025-05-27 09:14:32,659 WARNING database DDL Query made to DB:
alter table `tabStock Movement Item` add column if not exists parent varchar(140)
2025-05-27 09:14:32,660 WARNING database DDL Query made to DB:
alter table `tabStock Movement Item` add column if not exists parenttype varchar(140)
2025-05-27 09:14:32,660 WARNING database DDL Query made to DB:
alter table `tabStock Movement Item` add column if not exists parenttype varchar(140)
2025-05-27 09:14:32,661 WARNING database DDL Query made to DB:
alter table `tabStock Movement Item` add column if not exists parentfield varchar(140)
2025-05-27 09:14:32,661 WARNING database DDL Query made to DB:
alter table `tabStock Movement Item` add column if not exists parentfield varchar(140)
2025-05-27 09:14:32,769 WARNING database DDL Query made to DB:
ALTER TABLE `tabStock Movement Item` MODIFY `qty` decimal(21,9) not null default 0
2025-05-27 09:14:32,769 WARNING database DDL Query made to DB:
ALTER TABLE `tabStock Movement Item` MODIFY `qty` decimal(21,9) not null default 0
2025-05-27 10:15:55,771 WARNING database DDL Query made to DB:
create table `tabTask Alert` (
			name varchar(140) primary key,
			creation datetime(6),
			modified datetime(6),
			modified_by varchar(140),
			owner varchar(140),
			docstatus int(1) not null default '0',
			idx int(8) not null default '0',
			`_user_tags` text,
`_comments` text,
`_assign` text,
`_liked_by` text,
index modified(modified))
			ENGINE=InnoDB
			ROW_FORMAT=DYNAMIC
			CHARACTER SET=utf8mb4
			COLLATE=utf8mb4_unicode_ci
2025-05-27 10:15:55,771 WARNING database DDL Query made to DB:
create table `tabTask Alert` (
			name varchar(140) primary key,
			creation datetime(6),
			modified datetime(6),
			modified_by varchar(140),
			owner varchar(140),
			docstatus int(1) not null default '0',
			idx int(8) not null default '0',
			`_user_tags` text,
`_comments` text,
`_assign` text,
`_liked_by` text,
index modified(modified))
			ENGINE=InnoDB
			ROW_FORMAT=DYNAMIC
			CHARACTER SET=utf8mb4
			COLLATE=utf8mb4_unicode_ci
2025-05-27 10:17:35,327 WARNING database DDL Query made to DB:
ALTER TABLE `tabTask Alert` ADD COLUMN `title` varchar(140), ADD COLUMN `description` text
2025-05-27 10:17:35,327 WARNING database DDL Query made to DB:
ALTER TABLE `tabTask Alert` ADD COLUMN `title` varchar(140), ADD COLUMN `description` text
2025-05-27 12:35:00,527 WARNING database DDL Query made to DB:
ALTER TABLE `tabTask Alert` ADD COLUMN `amended_from` varchar(140)
2025-05-27 12:35:00,543 WARNING database DDL Query made to DB:
ALTER TABLE `tabTask Alert` ADD INDEX `amended_from_index`(`amended_from`)
2025-05-28 05:34:28,681 WARNING database DDL Query made to DB:
ALTER TABLE `tabMove` MODIFY `rating` decimal(21,9) not null default 0
2025-05-28 07:38:39,797 WARNING database DDL Query made to DB:
ALTER TABLE `tabMove` MODIFY `rating` decimal(21,9) not null default 0
2025-05-28 08:04:27,182 WARNING database DDL Query made to DB:
truncate `tabMove`
2025-05-28 09:22:28,380 WARNING database DDL Query made to DB:
RENAME TABLE `tabMove` TO `tabMovies`
2025-05-28 09:36:44,810 WARNING database DDL Query made to DB:
RENAME TABLE `tabMovies` TO `tabMove`
2025-05-28 10:35:41,735 WARNING database DDL Query made to DB:
create table `tabCustomer Data` (
			name varchar(140) primary key,
			creation datetime(6),
			modified datetime(6),
			modified_by varchar(140),
			owner varchar(140),
			docstatus int(1) not null default '0',
			idx int(8) not null default '0',
			`_user_tags` text,
`_comments` text,
`_assign` text,
`_liked_by` text,
index modified(modified))
			ENGINE=InnoDB
			ROW_FORMAT=DYNAMIC
			CHARACTER SET=utf8mb4
			COLLATE=utf8mb4_unicode_ci
2025-05-29 07:56:17,610 WARNING database DDL Query made to DB:
create table `tabTodo Item` (
			name varchar(140) primary key,
			creation datetime(6),
			modified datetime(6),
			modified_by varchar(140),
			owner varchar(140),
			docstatus int(1) not null default '0',
			idx int(8) not null default '0',
			`_user_tags` text,
`_comments` text,
`_assign` text,
`_liked_by` text,
index modified(modified))
			ENGINE=InnoDB
			ROW_FORMAT=DYNAMIC
			CHARACTER SET=utf8mb4
			COLLATE=utf8mb4_unicode_ci
2025-05-29 07:58:02,260 WARNING database DDL Query made to DB:
ALTER TABLE `tabTodo Item` ADD COLUMN `title` varchar(140), ADD COLUMN `description` text, ADD COLUMN `status` varchar(140)
2025-05-29 09:03:39,812 WARNING database DDL Query made to DB:
ALTER TABLE `tabTodo Item` ADD UNIQUE INDEX IF NOT EXISTS title (`title`)
2025-05-29 12:28:08,393 WARNING database DDL Query made to DB:
create table `tabExpense Entry` (
			name varchar(140) primary key,
			creation datetime(6),
			modified datetime(6),
			modified_by varchar(140),
			owner varchar(140),
			docstatus int(1) not null default '0',
			idx int(8) not null default '0',
			`_user_tags` text,
`_comments` text,
`_assign` text,
`_liked_by` text,
index modified(modified))
			ENGINE=InnoDB
			ROW_FORMAT=DYNAMIC
			CHARACTER SET=utf8mb4
			COLLATE=utf8mb4_unicode_ci
2025-05-29 12:31:57,692 WARNING database DDL Query made to DB:
ALTER TABLE `tabExpense Entry` ADD COLUMN `title` varchar(140), ADD COLUMN `amount` decimal(21,9) not null default 0, ADD COLUMN `expense_date` date, ADD COLUMN `status` varchar(140), ADD COLUMN `amended_from` varchar(140)
2025-05-29 12:31:57,705 WARNING database DDL Query made to DB:
ALTER TABLE `tabExpense Entry` ADD INDEX `amended_from_index`(`amended_from`)
2025-05-29 12:33:17,185 WARNING database DDL Query made to DB:
ALTER TABLE `tabExpense Entry` MODIFY `amount` decimal(21,9) not null default 0
2025-05-29 12:34:24,220 WARNING database DDL Query made to DB:
ALTER TABLE `tabExpense Entry` MODIFY `amount` decimal(21,9) not null default 0
2025-06-03 07:21:57,971 WARNING database DDL Query made to DB:
create table `tabNews View Tracker` (
			name varchar(140) primary key,
			creation datetime(6),
			modified datetime(6),
			modified_by varchar(140),
			owner varchar(140),
			docstatus int(1) not null default '0',
			idx int(8) not null default '0',
			`_user_tags` text,
`_comments` text,
`_assign` text,
`_liked_by` text,
index modified(modified))
			ENGINE=InnoDB
			ROW_FORMAT=DYNAMIC
			CHARACTER SET=utf8mb4
			COLLATE=utf8mb4_unicode_ci
2025-06-03 07:23:13,572 WARNING database DDL Query made to DB:
ALTER TABLE `tabNews View Tracker` ADD COLUMN `news_title` varchar(140), ADD COLUMN `category` varchar(140), ADD COLUMN `views` int(11) not null default 0, ADD COLUMN `viewed_on` date
2025-06-03 09:57:15,514 WARNING database DDL Query made to DB:
ALTER TABLE `tabTodo Item` ADD COLUMN `teacher_name` varchar(140)
2025-06-03 09:58:31,027 WARNING database DDL Query made to DB:
ALTER TABLE `tabTodo Item` ADD COLUMN `subject` varchar(140) unique
2025-06-03 09:58:31,041 WARNING database DDL Query made to DB:
ALTER TABLE `tabTodo Item` ADD UNIQUE INDEX IF NOT EXISTS teacher_name (`teacher_name`), ADD UNIQUE INDEX IF NOT EXISTS subject (`subject`)
2025-06-03 09:59:04,813 WARNING database DDL Query made to DB:
ALTER TABLE `tabTodo Item` ADD COLUMN `class` varchar(140)
2025-06-03 10:00:12,512 WARNING database DDL Query made to DB:
ALTER TABLE `tabTodo Item` ADD COLUMN `created_at` date
2025-06-03 10:07:40,066 WARNING database DDL Query made to DB:
RENAME TABLE `tabTodo Item` TO `tabHome Work`
2025-06-03 10:14:08,888 WARNING database DDL Query made to DB:
ALTER TABLE `tabHome Work` DROP INDEX `subject`
2025-06-03 10:27:15,625 WARNING database DDL Query made to DB:
ALTER TABLE `tabHome Work` ADD COLUMN `topics` varchar(140)
2025-06-03 11:12:13,097 WARNING database DDL Query made to DB:
alter table `tabDocType` add column if not exists migration_hash varchar(140)
2025-06-03 11:12:14,643 WARNING database DDL Query made to DB:
ALTER TABLE `tabStock balance` MODIFY `actual_qty` decimal(21,9) not null default 0
2025-06-03 11:13:10,325 WARNING database DDL Query made to DB:
alter table `tabDocType` add column if not exists migration_hash varchar(140)
2025-06-03 11:13:12,210 WARNING database DDL Query made to DB:
ALTER TABLE `tabProduct` MODIFY `weight_kg` decimal(21,9) not null default 0
2025-06-03 11:13:12,587 WARNING database DDL Query made to DB:
ALTER TABLE `tabProducts` MODIFY `product_weight` decimal(21,9) not null default 0
2025-06-03 11:13:12,785 WARNING database DDL Query made to DB:
ALTER TABLE `tabTransfer Product Detail` MODIFY `quantity` decimal(21,9) not null default 0
2025-06-03 11:13:13,132 WARNING database DDL Query made to DB:
ALTER TABLE `tabExpense Entry` MODIFY `amount` decimal(21,9) not null default 0
2025-06-03 11:13:13,480 WARNING database DDL Query made to DB:
ALTER TABLE `tabMove` MODIFY `rating` decimal(21,9) not null default 0
2025-06-03 11:13:13,675 WARNING database DDL Query made to DB:
ALTER TABLE `tabLocation Product` MODIFY `quantity` decimal(21,9) not null default 0
2025-06-03 11:13:13,861 WARNING database DDL Query made to DB:
ALTER TABLE `tabStock Movement Item` MODIFY `qty` decimal(21,9) not null default 0
2025-06-04 07:43:06,474 WARNING database DDL Query made to DB:
create table `tabRazorpay test` (
			name varchar(140) primary key,
			creation datetime(6),
			modified datetime(6),
			modified_by varchar(140),
			owner varchar(140),
			docstatus int(1) not null default '0',
			idx int(8) not null default '0',
			`_user_tags` text,
`_comments` text,
`_assign` text,
`_liked_by` text,
index modified(modified))
			ENGINE=InnoDB
			ROW_FORMAT=DYNAMIC
			CHARACTER SET=utf8mb4
			COLLATE=utf8mb4_unicode_ci
2025-06-04 07:47:08,792 WARNING database DDL Query made to DB:
ALTER TABLE `tabRazorpay test` ADD COLUMN `customer_name` varchar(140), ADD COLUMN `cutomer_email` varchar(140), ADD COLUMN `mobile` int(11) not null default 0, ADD COLUMN `currency` decimal(21,9) not null default 0
2025-06-04 07:50:50,733 WARNING database DDL Query made to DB:
ALTER TABLE `tabRazorpay test` MODIFY `mobile` varchar(140), MODIFY `currency` decimal(21,9) not null default 0
2025-06-04 08:13:04,839 WARNING database DDL Query made to DB:
ALTER TABLE `tabRazorpay test` MODIFY `currency` decimal(21,9) not null default 0
2025-06-04 09:35:15,723 WARNING database DDL Query made to DB:
ALTER TABLE `tabRazorpay test` ADD COLUMN `payment_id` varchar(140)
2025-06-04 09:35:15,735 WARNING database DDL Query made to DB:
ALTER TABLE `tabRazorpay test` MODIFY `currency` decimal(21,9) not null default 0
2025-06-04 10:07:33,624 WARNING database DDL Query made to DB:
ALTER TABLE `tabRazorpay test` MODIFY `currency` decimal(21,9) not null default 0
2025-06-04 13:14:36,069 WARNING database DDL Query made to DB:
create table `tabStudent Fee Pay` (
			name varchar(140) primary key,
			creation datetime(6),
			modified datetime(6),
			modified_by varchar(140),
			owner varchar(140),
			docstatus int(1) not null default '0',
			idx int(8) not null default '0',
			`_user_tags` text,
`_comments` text,
`_assign` text,
`_liked_by` text,
index modified(modified))
			ENGINE=InnoDB
			ROW_FORMAT=DYNAMIC
			CHARACTER SET=utf8mb4
			COLLATE=utf8mb4_unicode_ci
2025-06-04 13:17:55,170 WARNING database DDL Query made to DB:
ALTER TABLE `tabStudent Fee Pay` ADD COLUMN `student_id` varchar(140), ADD COLUMN `student_name` varchar(140), ADD COLUMN `class` varchar(140), ADD COLUMN `phone_no` varchar(140), ADD COLUMN `email` varchar(140), ADD COLUMN `fee_month` varchar(140), ADD COLUMN `fee_amount` decimal(21,9) not null default 0
2025-06-04 13:48:59,355 WARNING database DDL Query made to DB:
ALTER TABLE `tabStudent Fee Pay` MODIFY `fee_amount` decimal(21,9) not null default 0
2025-06-04 13:56:57,627 WARNING database DDL Query made to DB:
ALTER TABLE `tabStudent Fee Pay` MODIFY `fee_amount` decimal(21,9) not null default 0
2025-06-04 13:58:16,042 WARNING database DDL Query made to DB:
ALTER TABLE `tabStudent Fee Pay` MODIFY `fee_amount` decimal(21,9) not null default 0
2025-06-04 14:13:44,641 WARNING database DDL Query made to DB:
ALTER TABLE `tabStudent Fee Pay` ADD COLUMN `payment_id` varchar(140)
2025-06-04 14:13:44,650 WARNING database DDL Query made to DB:
ALTER TABLE `tabStudent Fee Pay` MODIFY `fee_amount` decimal(21,9) not null default 0
2025-06-05 10:57:46,753 WARNING database DDL Query made to DB:
create table `tabStudent Fee Registration` (
			name varchar(140) primary key,
			creation datetime(6),
			modified datetime(6),
			modified_by varchar(140),
			owner varchar(140),
			docstatus int(1) not null default '0',
			idx int(8) not null default '0',
			`_user_tags` text,
`_comments` text,
`_assign` text,
`_liked_by` text,
index modified(modified))
			ENGINE=InnoDB
			ROW_FORMAT=DYNAMIC
			CHARACTER SET=utf8mb4
			COLLATE=utf8mb4_unicode_ci
2025-06-05 11:05:45,592 WARNING database DDL Query made to DB:
ALTER TABLE `tabStudent Fee Registration` ADD COLUMN `student_id` varchar(140), ADD COLUMN `student_name` varchar(140), ADD COLUMN `class` varchar(140), ADD COLUMN `phone_no` varchar(140), ADD COLUMN `email` varchar(140), ADD COLUMN `fee_month` varchar(140), ADD COLUMN `fee_amount` decimal(21,9) not null default 0, ADD COLUMN `payment_id` varchar(140)
2025-06-05 11:09:20,872 WARNING database DDL Query made to DB:
RENAME TABLE `tabStudent Fee Registration` TO `tabStd Fee Registration`
2025-06-05 12:41:44,009 WARNING database DDL Query made to DB:
ALTER TABLE `tabStd Fee Registration` MODIFY `fee_amount` decimal(21,9) not null default 0
2025-06-05 12:42:35,945 WARNING database DDL Query made to DB:
ALTER TABLE `tabStd Fee Registration` MODIFY `fee_amount` decimal(21,9) not null default 0
2025-06-05 13:12:04,156 WARNING database DDL Query made to DB:
ALTER TABLE `tabStd Fee Registration` ADD COLUMN `status` varchar(140)
2025-06-05 13:12:04,363 WARNING database DDL Query made to DB:
ALTER TABLE `tabStd Fee Registration` MODIFY `fee_amount` decimal(21,9) not null default 0
2025-06-10 12:58:00,931 WARNING database DDL Query made to DB:
create table `tabNews Paper Article` (
			name varchar(140) primary key,
			creation datetime(6),
			modified datetime(6),
			modified_by varchar(140),
			owner varchar(140),
			docstatus int(1) not null default '0',
			idx int(8) not null default '0',
			`_user_tags` text,
`_comments` text,
`_assign` text,
`_liked_by` text,
index modified(modified))
			ENGINE=InnoDB
			ROW_FORMAT=DYNAMIC
			CHARACTER SET=utf8mb4
			COLLATE=utf8mb4_unicode_ci
2025-06-10 12:59:45,858 WARNING database DDL Query made to DB:
ALTER TABLE `tabNews Paper Article` ADD COLUMN `title` varchar(140), ADD COLUMN `content` longtext, ADD COLUMN `status` varchar(140)
2025-06-10 13:42:02,595 WARNING database DDL Query made to DB:
alter table `tabDocType` add column if not exists migration_hash varchar(140)
2025-06-10 13:43:47,295 WARNING database DDL Query made to DB:
alter table `tabDocType` add column if not exists migration_hash varchar(140)
2025-06-10 13:44:56,179 WARNING database DDL Query made to DB:
alter table `tabDocType` add column if not exists migration_hash varchar(140)
2025-06-10 13:45:25,281 WARNING database DDL Query made to DB:
alter table `tabDocType` add column if not exists migration_hash varchar(140)
2025-06-10 13:46:21,909 WARNING database DDL Query made to DB:
alter table `tabDocType` add column if not exists migration_hash varchar(140)
2025-06-10 13:47:10,701 WARNING database DDL Query made to DB:
alter table `tabDocType` add column if not exists migration_hash varchar(140)
2025-06-10 13:48:23,938 WARNING database DDL Query made to DB:
alter table `tabDocType` add column if not exists migration_hash varchar(140)
2025-06-10 13:48:25,493 WARNING database DDL Query made to DB:
ALTER TABLE `tabStudent Fee Pay` MODIFY `fee_amount` decimal(21,9) not null default 0
2025-06-10 13:48:25,749 WARNING database DDL Query made to DB:
ALTER TABLE `tabRazorpay test` MODIFY `currency` decimal(21,9) not null default 0
2025-06-10 13:48:25,933 WARNING database DDL Query made to DB:
ALTER TABLE `tabStd Fee Registration` MODIFY `fee_amount` decimal(21,9) not null default 0
2025-06-12 09:21:12,192 WARNING database DDL Query made to DB:
create table `tabHalal Restaurant Details` (
			name varchar(140) primary key,
			creation datetime(6),
			modified datetime(6),
			modified_by varchar(140),
			owner varchar(140),
			docstatus int(1) not null default '0',
			idx int(8) not null default '0',
			`_user_tags` text,
`_comments` text,
`_assign` text,
`_liked_by` text,
index modified(modified))
			ENGINE=InnoDB
			ROW_FORMAT=DYNAMIC
			CHARACTER SET=utf8mb4
			COLLATE=utf8mb4_unicode_ci
2025-06-12 09:38:14,654 WARNING database DDL Query made to DB:
ALTER TABLE `tabHalal Restaurant Details` ADD COLUMN `restaurant_name` varchar(140), ADD COLUMN `owner_name` varchar(140), ADD COLUMN `contact_number` varchar(140), ADD COLUMN `email_id` varchar(140), ADD COLUMN `full_address` text, ADD COLUMN `halal_certificate_number` varchar(140), ADD COLUMN `certificate_expiry_date` date, ADD COLUMN `opening_time` time(6), ADD COLUMN `closing_time` time(6), ADD COLUMN `restaurant_image` varchar(140), ADD COLUMN `description__about_us` longtext
2025-06-12 09:38:40,807 WARNING database DDL Query made to DB:
ALTER TABLE `tabHalal Restaurant Details` ADD UNIQUE INDEX IF NOT EXISTS restaurant_name (`restaurant_name`)
2025-06-12 09:46:41,384 WARNING database DDL Query made to DB:
ALTER TABLE `tabHalal Restaurant Details` MODIFY `restaurant_image` text
2025-06-13 07:30:09,934 WARNING database DDL Query made to DB:
create table `tabFood Order Request` (
			name varchar(140) primary key,
			creation datetime(6),
			modified datetime(6),
			modified_by varchar(140),
			owner varchar(140),
			docstatus int(1) not null default '0',
			idx int(8) not null default '0',
			`_user_tags` text,
`_comments` text,
`_assign` text,
`_liked_by` text,
index modified(modified))
			ENGINE=InnoDB
			ROW_FORMAT=DYNAMIC
			CHARACTER SET=utf8mb4
			COLLATE=utf8mb4_unicode_ci
2025-06-13 07:31:57,391 WARNING database DDL Query made to DB:
ALTER TABLE `tabFood Order Request` ADD COLUMN `customer_name` varchar(140), ADD COLUMN `item_name` varchar(140), ADD COLUMN `quantity` int(11) not null default 0, ADD COLUMN `total_price` decimal(21,9) not null default 0, ADD COLUMN `status` varchar(140)
2025-06-13 07:36:01,532 WARNING database DDL Query made to DB:
ALTER TABLE `tabFood Order Request` ADD COLUMN `workflow_state` varchar(140)
2025-06-13 07:36:01,550 WARNING database DDL Query made to DB:
ALTER TABLE `tabFood Order Request` MODIFY `total_price` decimal(21,9) not null default 0
2025-06-13 09:35:22,925 WARNING database DDL Query made to DB:
ALTER TABLE `tabFood Order Request` ADD COLUMN `lft` int(11) not null default 0, ADD COLUMN `rgt` int(11) not null default 0, ADD COLUMN `is_group` int(1) not null default 0, ADD COLUMN `old_parent` varchar(140), ADD COLUMN `parent_food_order_request` varchar(140)
2025-06-13 09:35:22,942 WARNING database DDL Query made to DB:
ALTER TABLE `tabFood Order Request` MODIFY `total_price` decimal(21,9) not null default 0
2025-06-13 09:35:57,246 WARNING database DDL Query made to DB:
ALTER TABLE `tabFood Order Request` MODIFY `total_price` decimal(21,9) not null default 0
2025-06-13 09:36:46,163 WARNING database DDL Query made to DB:
ALTER TABLE `tabFood Order Request` MODIFY `total_price` decimal(21,9) not null default 0
2025-06-13 09:37:14,455 WARNING database DDL Query made to DB:
ALTER TABLE `tabFood Order Request` MODIFY `total_price` decimal(21,9) not null default 0
2025-06-13 11:15:30,471 WARNING database DDL Query made to DB:
create table `tabHalal Food List` (
			name varchar(140) primary key,
			creation datetime(6),
			modified datetime(6),
			modified_by varchar(140),
			owner varchar(140),
			docstatus int(1) not null default '0',
			idx int(8) not null default '0',
			`_user_tags` text,
`_comments` text,
`_assign` text,
`_liked_by` text,
index modified(modified))
			ENGINE=InnoDB
			ROW_FORMAT=DYNAMIC
			CHARACTER SET=utf8mb4
			COLLATE=utf8mb4_unicode_ci
2025-06-13 11:22:42,636 WARNING database DDL Query made to DB:
alter table `tabHalal Food List` add column if not exists parent varchar(140)
2025-06-13 11:22:42,646 WARNING database DDL Query made to DB:
alter table `tabHalal Food List` add column if not exists parenttype varchar(140)
2025-06-13 11:22:42,656 WARNING database DDL Query made to DB:
alter table `tabHalal Food List` add column if not exists parentfield varchar(140)
2025-06-13 11:22:42,771 WARNING database DDL Query made to DB:
ALTER TABLE `tabHalal Food List` ADD COLUMN `food_name` varchar(140), ADD COLUMN `food_img` text, ADD COLUMN `food_qty` int(11) not null default 0, ADD COLUMN `food_gst` decimal(21,9) not null default 0, ADD COLUMN `food_price` decimal(21,9) not null default 0
2025-06-13 11:43:50,127 WARNING database DDL Query made to DB:
ALTER TABLE `tabHalal Restaurant Details` ADD COLUMN `food_list` varchar(140)
2025-06-13 11:44:01,897 WARNING database DDL Query made to DB:
ALTER TABLE `tabHalal Food List` MODIFY `food_gst` decimal(21,9) not null default 0, MODIFY `food_price` decimal(21,9) not null default 0
2025-06-13 11:45:12,675 WARNING database DDL Query made to DB:
alter table `tabHalal Food List` add column if not exists parent varchar(140)
2025-06-13 11:45:12,676 WARNING database DDL Query made to DB:
alter table `tabHalal Food List` add column if not exists parenttype varchar(140)
2025-06-13 11:45:12,677 WARNING database DDL Query made to DB:
alter table `tabHalal Food List` add column if not exists parentfield varchar(140)
2025-06-13 11:45:12,788 WARNING database DDL Query made to DB:
ALTER TABLE `tabHalal Food List` MODIFY `food_gst` decimal(21,9) not null default 0, MODIFY `food_price` decimal(21,9) not null default 0
2025-06-13 11:45:36,511 WARNING database DDL Query made to DB:
ALTER TABLE `tabHalal Restaurant Details` ADD COLUMN `lft` int(11) not null default 0, ADD COLUMN `rgt` int(11) not null default 0, ADD COLUMN `is_group` int(1) not null default 0, ADD COLUMN `old_parent` varchar(140), ADD COLUMN `parent_halal_restaurant_details` varchar(140)
2025-06-16 07:50:32,653 WARNING database DDL Query made to DB:
create table `tabDriver List` (
			name varchar(140) primary key,
			creation datetime(6),
			modified datetime(6),
			modified_by varchar(140),
			owner varchar(140),
			docstatus int(1) not null default '0',
			idx int(8) not null default '0',
			`_user_tags` text,
`_comments` text,
`_assign` text,
`_liked_by` text,
index modified(modified))
			ENGINE=InnoDB
			ROW_FORMAT=DYNAMIC
			CHARACTER SET=utf8mb4
			COLLATE=utf8mb4_unicode_ci
2025-06-16 07:51:49,232 WARNING database DDL Query made to DB:
ALTER TABLE `tabDriver List` ADD COLUMN `driver_name` varchar(140), ADD COLUMN `license_name` varchar(140), ADD COLUMN `phone_number` varchar(140), ADD COLUMN `joining_date` date
2025-06-24 13:08:26,199 WARNING database DDL Query made to DB:
create table `tabClass Records` (
			name varchar(140) primary key,
			creation datetime(6),
			modified datetime(6),
			modified_by varchar(140),
			owner varchar(140),
			docstatus int(1) not null default '0',
			idx int(8) not null default '0',
			`_user_tags` text,
`_comments` text,
`_assign` text,
`_liked_by` text,
index modified(modified))
			ENGINE=InnoDB
			ROW_FORMAT=DYNAMIC
			CHARACTER SET=utf8mb4
			COLLATE=utf8mb4_unicode_ci
2025-06-24 13:11:16,204 WARNING database DDL Query made to DB:
ALTER TABLE `tabClass Records` ADD COLUMN `class_name` varchar(140), ADD COLUMN `class_section` varchar(140), ADD COLUMN `student_name` varchar(140), ADD COLUMN `student_email` varchar(140), ADD COLUMN `phone_no` int(11) not null default 0
2025-06-24 13:16:05,215 WARNING database DDL Query made to DB:
create sequence if not exists class_records_id_seq nocache nocycle
2025-06-24 13:16:05,242 WARNING database DDL Query made to DB:
ALTER TABLE `tabClass Records` MODIFY `name` bigint
2025-06-25 11:44:21,227 WARNING database DDL Query made to DB:
create table `tabTotal Student` (
			name varchar(140) primary key,
			creation datetime(6),
			modified datetime(6),
			modified_by varchar(140),
			owner varchar(140),
			docstatus int(1) not null default '0',
			idx int(8) not null default '0',
			`_user_tags` text,
`_comments` text,
`_assign` text,
`_liked_by` text,
index modified(modified))
			ENGINE=InnoDB
			ROW_FORMAT=DYNAMIC
			CHARACTER SET=utf8mb4
			COLLATE=utf8mb4_unicode_ci
2025-06-25 11:48:27,936 WARNING database DDL Query made to DB:
ALTER TABLE `tabTotal Student` ADD COLUMN `total_amount` decimal(21,9) not null default 0, ADD COLUMN `total_gst` decimal(21,9) not null default 0
2025-06-25 11:48:32,769 WARNING database DDL Query made to DB:
alter table `tabTotal Student` add column if not exists parent varchar(140)
2025-06-25 11:48:32,779 WARNING database DDL Query made to DB:
alter table `tabTotal Student` add column if not exists parenttype varchar(140)
2025-06-25 11:48:32,789 WARNING database DDL Query made to DB:
alter table `tabTotal Student` add column if not exists parentfield varchar(140)
2025-06-25 11:48:32,880 WARNING database DDL Query made to DB:
ALTER TABLE `tabTotal Student` MODIFY `total_amount` decimal(21,9) not null default 0, MODIFY `total_gst` decimal(21,9) not null default 0
2025-06-25 11:51:04,412 WARNING database DDL Query made to DB:
RENAME TABLE `tabTotal Student` TO `tabStudent Amount Records`
2025-06-25 12:12:00,397 WARNING database DDL Query made to DB:
alter table `tabStudent Amount Records` add column if not exists parent varchar(140)
2025-06-25 12:12:00,399 WARNING database DDL Query made to DB:
alter table `tabStudent Amount Records` add column if not exists parenttype varchar(140)
2025-06-25 12:12:00,401 WARNING database DDL Query made to DB:
alter table `tabStudent Amount Records` add column if not exists parentfield varchar(140)
2025-06-25 12:12:00,520 WARNING database DDL Query made to DB:
ALTER TABLE `tabStudent Amount Records` ADD COLUMN `month` date
2025-06-25 12:12:00,537 WARNING database DDL Query made to DB:
ALTER TABLE `tabStudent Amount Records` MODIFY `total_gst` decimal(21,9) not null default 0, MODIFY `total_amount` decimal(21,9) not null default 0
2025-06-25 12:55:54,202 WARNING database DDL Query made to DB:
create table `tabSubjects` (
			name varchar(140) primary key,
			creation datetime(6),
			modified datetime(6),
			modified_by varchar(140),
			owner varchar(140),
			docstatus int(1) not null default '0',
			idx int(8) not null default '0',
			`_user_tags` text,
`_comments` text,
`_assign` text,
`_liked_by` text,
index modified(modified))
			ENGINE=InnoDB
			ROW_FORMAT=DYNAMIC
			CHARACTER SET=utf8mb4
			COLLATE=utf8mb4_unicode_ci
2025-06-25 12:58:59,199 WARNING database DDL Query made to DB:
ALTER TABLE `tabSubjects` ADD COLUMN `subject_code` varchar(140), ADD COLUMN `subject_name` varchar(140), ADD COLUMN `test_date` date
2025-06-25 13:07:24,715 WARNING database DDL Query made to DB:
create sequence if not exists subjects_id_seq nocache nocycle
2025-06-25 13:07:24,746 WARNING database DDL Query made to DB:
ALTER TABLE `tabSubjects` MODIFY `name` bigint
2025-06-25 13:09:27,273 WARNING database DDL Query made to DB:
ALTER TABLE `tabClass Records` ADD COLUMN `subject_records` varchar(140)
2025-06-25 14:02:12,617 WARNING database DDL Query made to DB:
alter table `tabDocType` add column if not exists migration_hash varchar(140)
2025-06-25 14:02:14,467 WARNING database DDL Query made to DB:
ALTER TABLE `tabFood Order Request` MODIFY `total_price` decimal(21,9) not null default 0
2025-06-25 14:02:14,763 WARNING database DDL Query made to DB:
ALTER TABLE `tabStudent Amount Records` MODIFY `total_gst` decimal(21,9) not null default 0, MODIFY `total_amount` decimal(21,9) not null default 0
2025-06-25 14:02:14,937 WARNING database DDL Query made to DB:
ALTER TABLE `tabHalal Food List` MODIFY `food_price` decimal(21,9) not null default 0, MODIFY `food_gst` decimal(21,9) not null default 0
