_HiStOrY_V2_
desc\040`tabProject\040Task`;
select\040*\040from\040`tabProject\040Task`;
desc\040`tabBook`;
select\040*\040from\040`tabBook`;
select\040*\040from\040`tabAuthor`;
desc\040`tabTask\040Alert`;
select\040*\040from\040`tabTask\040Alert`;
select*from\040`tabMove`
select*from\040`tabMove`;
q
select*from\040`tabMove`;
select*from\040`tabMovies`;
xit
select*from\040`tabMove`;
select*from\040`tabMovie`;
select*from\040`tabTodo\040Item`;
TRUNCATE\040TABLE\040`tabTodo\040Item`;
select*from\040`tabTodo\040Item`;
TRUNCATE\040TABLE\040`tabTodo\040Item`;
select*from\040`tabTodo\040Item`;
select*from\040`tabExpense\040Entry`;
Desc\040`tabMove`;
select\040*\040from\040`tabMove`;
TRUNCATE\040TABLE\040`tabMove`;
Desc\040`tabTodo\040Item`
Desc\040`tabTodo\040Item`;
TRUNCATE\040TABLE\040`tabTodo\040Item`;
SELECT\040*\040FROM\040`tabTodo\040Item`;
SELECT\040*\040FROM\040`tabHome\040Work`;
SELECT\040*\040FROM\040`tabTodo\040Item`;
SELECT\040*\040FROM\040`tabHome\040Work`;
desc\040`tabHome\040Work`;
ALTER\040TABLE\040`tabHome\040Work`\040DROP\040COLUMN\040`title`;
desc\040`tabHome\040Work`;
select\040*\040from\040`tabHome\040Work`;
desc\040`tabHome\040Work`;
select\040*\040from\040`tabStudent\040Fee\040Pay`;
select\040*\040from\040`tabStd\040Fee\040Registration`;
select\040*\040from\040`tabStudent\040Fee\040Pay`;
select\040*\040from\040`tabStd\040Fee\040Registration`;
TRUNCATE\040TABLE\040`tabStd\040Fee\040Registration`;
TRUNCATE\040TABLE\040`tabStudent\040Fee\040Pay`;
SELECT\040*\040FROM\040`tabStudent\040Fee\040Pay`;
TRUNCATE\040TABLE\040`tabStd\040Fee\040Registration`;
SELECT\040*\040FROM\040`tabStd\040Fee\040Registration`;
select\040*\040from\040`tabStudent\040Fee\040Pay`
select\040*\040from\040`tabStudent\040Fee\040Pay`;
select\040*\040from\040`tabStudent\040Fee\040Registor`;
select\040*\040from\040`tabStudent\040Fee\040Registration`;
select\040*\040from\040`tabStd\040Fee\040Registration`;
TRUNCATE\040TABLE\040`tabStd\040Fee\040Registration`;
TRUNCATE\040TABLE\040`tabStudent\040Fee\040Pay`;
select\040*\040from\040`tabHalal\040Restaurant\040Details`;
select\040*\040from\040`tabHalal\040Restaurant\040Details`
select\040*\040from\040`tabHalal\040Restaurant\040Details`;
select\040*\040from\040`tabHalal\040Food\040List`;
select\040*\040from\040`tabHalal\040Restaurant\040Details`;
select\040*\040from\040`tabHalal\040Food\040List`;
select\040*\040from\040`tabHalal\040Restaurant\040Details`;
select\040*\040from\040`tabHalal\040Food\040List`;
select\040*\040from\040`tabFood\040List`;
select\040*\040from\040`tabHalal\040Food\040List`;
select\040*\040from\040`tabClass\040Record`;
select\040*\040from\040`tabClass\040Records`;
select\040*\040from\040`tabUser`;
select\040*\040from\040`tabClass\040Records`;
select\040*\040from\040`tabSubjects`;
