2025-06-23 15:17:30,696 ERROR scheduler Skipped queueing frappe.model.utils.link_count.update_link_count because it was found in queue for imransite
2025-06-23 15:17:30,701 ERROR scheduler Skipped queueing frappe.desk.form.document_follow.send_hourly_updates because it was found in queue for imransite
2025-06-23 15:17:30,703 ERROR scheduler Skipped queueing frappe.integrations.doctype.google_calendar.google_calendar.sync because it was found in queue for imransite
2025-06-23 15:17:30,705 ERROR scheduler Skipped queueing frappe.email.queue.flush because it was found in queue for imransite
2025-06-23 15:17:30,707 ERROR scheduler Skipped queueing frappe.monitor.flush because it was found in queue for imransite
2025-06-23 15:17:30,712 ERROR scheduler Skipped queueing frappe.twofactor.delete_all_barcodes_for_users because it was found in queue for imransite
2025-06-23 15:17:30,718 ERROR scheduler Skipped queueing frappe.email.doctype.email_account.email_account.pull because it was found in queue for imransite
2025-06-23 15:17:30,724 ERROR scheduler Skipped queueing frappe.model.utils.user_settings.sync_user_settings because it was found in queue for imransite
2025-06-23 15:17:30,728 ERROR scheduler Skipped queueing frappe.core.doctype.prepared_report.prepared_report.expire_stalled_report because it was found in queue for imransite
2025-06-23 15:17:30,732 ERROR scheduler Skipped queueing frappe.website.doctype.web_page.web_page.check_publish_status because it was found in queue for imransite
2025-06-23 15:18:30,849 ERROR scheduler Skipped queueing frappe.model.utils.link_count.update_link_count because it was found in queue for imransite
2025-06-23 15:18:30,851 ERROR scheduler Skipped queueing frappe.desk.form.document_follow.send_hourly_updates because it was found in queue for imransite
2025-06-23 15:18:30,854 ERROR scheduler Skipped queueing frappe.automation.doctype.reminder.reminder.send_reminders because it was found in queue for imransite
2025-06-23 15:18:30,861 ERROR scheduler Skipped queueing frappe.utils.global_search.sync_global_search because it was found in queue for imransite
2025-06-23 15:18:30,868 ERROR scheduler Skipped queueing frappe.oauth.delete_oauth2_data because it was found in queue for imransite
2025-06-23 15:18:30,870 ERROR scheduler Skipped queueing frappe.monitor.flush because it was found in queue for imransite
2025-06-23 15:18:30,872 ERROR scheduler Skipped queueing frappe.email.doctype.newsletter.newsletter.send_scheduled_email because it was found in queue for imransite
2025-06-23 15:18:30,874 ERROR scheduler Skipped queueing frappe.email.doctype.email_account.email_account.notify_unreplied because it was found in queue for imransite
2025-06-23 15:18:30,881 ERROR scheduler Skipped queueing frappe.twofactor.delete_all_barcodes_for_users because it was found in queue for imransite
2025-06-23 15:18:30,889 ERROR scheduler Skipped queueing frappe.integrations.doctype.google_calendar.google_calendar.sync because it was found in queue for imransite
2025-06-23 15:18:30,891 ERROR scheduler Skipped queueing frappe.website.doctype.web_page.web_page.check_publish_status because it was found in queue for imransite
2025-06-23 15:18:30,894 ERROR scheduler Skipped queueing frappe.core.doctype.prepared_report.prepared_report.expire_stalled_report because it was found in queue for imransite
2025-06-23 15:18:30,897 ERROR scheduler Skipped queueing frappe.deferred_insert.save_to_db because it was found in queue for imransite
2025-06-23 15:18:30,899 ERROR scheduler Skipped queueing frappe.desk.page.backups.backups.delete_downloadable_backups because it was found in queue for imransite
2025-06-23 15:18:30,901 ERROR scheduler Skipped queueing frappe.email.queue.flush because it was found in queue for imransite
2025-06-23 15:18:30,903 ERROR scheduler Skipped queueing frappe.model.utils.user_settings.sync_user_settings because it was found in queue for imransite
2025-06-23 15:18:30,906 ERROR scheduler Skipped queueing frappe.website.doctype.personal_data_deletion_request.personal_data_deletion_request.process_data_deletion_request because it was found in queue for imransite
2025-06-23 15:18:30,909 ERROR scheduler Skipped queueing frappe.email.doctype.email_account.email_account.pull because it was found in queue for imransite
2025-06-23 15:19:31,025 ERROR scheduler Skipped queueing frappe.core.doctype.prepared_report.prepared_report.expire_stalled_report because it was found in queue for imransite
2025-06-23 15:19:31,029 ERROR scheduler Skipped queueing frappe.automation.doctype.reminder.reminder.send_reminders because it was found in queue for imransite
2025-06-23 15:19:31,031 ERROR scheduler Skipped queueing frappe.desk.form.document_follow.send_hourly_updates because it was found in queue for imransite
2025-06-23 15:19:31,035 ERROR scheduler Skipped queueing frappe.deferred_insert.save_to_db because it was found in queue for imransite
2025-06-23 15:19:31,038 ERROR scheduler Skipped queueing frappe.monitor.flush because it was found in queue for imransite
2025-06-23 15:19:31,039 ERROR scheduler Skipped queueing frappe.website.doctype.personal_data_deletion_request.personal_data_deletion_request.process_data_deletion_request because it was found in queue for imransite
2025-06-23 15:19:31,045 ERROR scheduler Skipped queueing frappe.desk.page.backups.backups.delete_downloadable_backups because it was found in queue for imransite
2025-06-23 15:19:31,047 ERROR scheduler Skipped queueing frappe.email.doctype.newsletter.newsletter.send_scheduled_email because it was found in queue for imransite
2025-06-23 15:19:31,049 ERROR scheduler Skipped queueing frappe.website.doctype.web_page.web_page.check_publish_status because it was found in queue for imransite
2025-06-23 15:19:31,050 ERROR scheduler Skipped queueing frappe.email.doctype.email_account.email_account.notify_unreplied because it was found in queue for imransite
2025-06-23 15:19:31,053 ERROR scheduler Skipped queueing frappe.integrations.doctype.google_calendar.google_calendar.sync because it was found in queue for imransite
2025-06-23 15:19:31,055 ERROR scheduler Skipped queueing frappe.utils.global_search.sync_global_search because it was found in queue for imransite
2025-06-23 15:19:31,057 ERROR scheduler Skipped queueing frappe.twofactor.delete_all_barcodes_for_users because it was found in queue for imransite
2025-06-23 15:19:31,060 ERROR scheduler Skipped queueing frappe.model.utils.user_settings.sync_user_settings because it was found in queue for imransite
2025-06-23 15:19:31,062 ERROR scheduler Skipped queueing frappe.oauth.delete_oauth2_data because it was found in queue for imransite
2025-06-23 15:19:31,070 ERROR scheduler Skipped queueing frappe.model.utils.link_count.update_link_count because it was found in queue for imransite
2025-06-23 15:19:31,075 ERROR scheduler Skipped queueing frappe.email.doctype.email_account.email_account.pull because it was found in queue for imransite
2025-06-23 15:19:31,084 ERROR scheduler Skipped queueing frappe.email.queue.flush because it was found in queue for imransite
2025-06-23 15:20:31,198 ERROR scheduler Skipped queueing frappe.oauth.delete_oauth2_data because it was found in queue for imransite
2025-06-23 15:20:31,200 ERROR scheduler Skipped queueing frappe.email.doctype.newsletter.newsletter.send_scheduled_email because it was found in queue for imransite
2025-06-23 15:20:31,202 ERROR scheduler Skipped queueing frappe.desk.form.document_follow.send_hourly_updates because it was found in queue for imransite
2025-06-23 15:20:31,206 ERROR scheduler Skipped queueing frappe.utils.global_search.sync_global_search because it was found in queue for imransite
2025-06-23 15:20:31,213 ERROR scheduler Skipped queueing frappe.email.doctype.email_account.email_account.pull because it was found in queue for imransite
2025-06-23 15:20:31,215 ERROR scheduler Skipped queueing frappe.model.utils.link_count.update_link_count because it was found in queue for imransite
2025-06-23 15:20:31,218 ERROR scheduler Skipped queueing frappe.monitor.flush because it was found in queue for imransite
2025-06-23 15:20:31,220 ERROR scheduler Skipped queueing frappe.website.doctype.personal_data_deletion_request.personal_data_deletion_request.process_data_deletion_request because it was found in queue for imransite
2025-06-23 15:20:31,222 ERROR scheduler Skipped queueing frappe.email.queue.flush because it was found in queue for imransite
2025-06-23 15:20:31,225 ERROR scheduler Skipped queueing frappe.email.doctype.email_account.email_account.notify_unreplied because it was found in queue for imransite
2025-06-23 15:20:31,230 ERROR scheduler Skipped queueing frappe.twofactor.delete_all_barcodes_for_users because it was found in queue for imransite
2025-06-23 15:20:31,235 ERROR scheduler Skipped queueing frappe.integrations.doctype.google_calendar.google_calendar.sync because it was found in queue for imransite
2025-06-23 15:20:31,239 ERROR scheduler Skipped queueing frappe.automation.doctype.reminder.reminder.send_reminders because it was found in queue for imransite
2025-06-23 15:20:31,241 ERROR scheduler Skipped queueing frappe.deferred_insert.save_to_db because it was found in queue for imransite
2025-06-23 15:20:31,247 ERROR scheduler Skipped queueing frappe.model.utils.user_settings.sync_user_settings because it was found in queue for imransite
2025-06-23 15:20:31,250 ERROR scheduler Skipped queueing frappe.core.doctype.prepared_report.prepared_report.expire_stalled_report because it was found in queue for imransite
2025-06-23 15:20:31,252 ERROR scheduler Skipped queueing frappe.website.doctype.web_page.web_page.check_publish_status because it was found in queue for imransite
2025-06-23 15:20:31,255 ERROR scheduler Skipped queueing frappe.desk.page.backups.backups.delete_downloadable_backups because it was found in queue for imransite
2025-06-23 15:21:31,371 ERROR scheduler Skipped queueing frappe.utils.global_search.sync_global_search because it was found in queue for imransite
2025-06-23 15:21:31,373 ERROR scheduler Skipped queueing frappe.model.utils.user_settings.sync_user_settings because it was found in queue for imransite
2025-06-23 15:21:31,378 ERROR scheduler Skipped queueing frappe.monitor.flush because it was found in queue for imransite
2025-06-23 15:21:31,384 ERROR scheduler Skipped queueing frappe.email.doctype.email_account.email_account.pull because it was found in queue for imransite
2025-06-23 15:21:31,388 ERROR scheduler Skipped queueing frappe.email.queue.flush because it was found in queue for imransite
2025-06-23 15:21:31,391 ERROR scheduler Skipped queueing frappe.oauth.delete_oauth2_data because it was found in queue for imransite
2025-06-23 15:21:31,393 ERROR scheduler Skipped queueing frappe.deferred_insert.save_to_db because it was found in queue for imransite
2025-06-23 15:21:31,396 ERROR scheduler Skipped queueing frappe.integrations.doctype.google_calendar.google_calendar.sync because it was found in queue for imransite
2025-06-23 15:21:31,398 ERROR scheduler Skipped queueing frappe.website.doctype.web_page.web_page.check_publish_status because it was found in queue for imransite
2025-06-23 15:21:31,405 ERROR scheduler Skipped queueing frappe.email.doctype.newsletter.newsletter.send_scheduled_email because it was found in queue for imransite
2025-06-23 15:21:31,407 ERROR scheduler Skipped queueing frappe.email.doctype.email_account.email_account.notify_unreplied because it was found in queue for imransite
2025-06-23 15:21:31,409 ERROR scheduler Skipped queueing frappe.model.utils.link_count.update_link_count because it was found in queue for imransite
2025-06-23 15:21:31,411 ERROR scheduler Skipped queueing frappe.automation.doctype.reminder.reminder.send_reminders because it was found in queue for imransite
2025-06-23 15:21:31,416 ERROR scheduler Skipped queueing frappe.website.doctype.personal_data_deletion_request.personal_data_deletion_request.process_data_deletion_request because it was found in queue for imransite
2025-06-23 15:21:31,422 ERROR scheduler Skipped queueing frappe.desk.page.backups.backups.delete_downloadable_backups because it was found in queue for imransite
2025-06-23 15:21:31,426 ERROR scheduler Skipped queueing frappe.core.doctype.prepared_report.prepared_report.expire_stalled_report because it was found in queue for imransite
2025-06-23 15:21:31,428 ERROR scheduler Skipped queueing frappe.desk.form.document_follow.send_hourly_updates because it was found in queue for imransite
2025-06-23 15:21:31,430 ERROR scheduler Skipped queueing frappe.twofactor.delete_all_barcodes_for_users because it was found in queue for imransite
2025-06-23 15:22:31,553 ERROR scheduler Skipped queueing frappe.integrations.doctype.google_calendar.google_calendar.sync because it was found in queue for imransite
2025-06-23 15:22:31,558 ERROR scheduler Skipped queueing frappe.website.doctype.web_page.web_page.check_publish_status because it was found in queue for imransite
2025-06-23 15:22:31,561 ERROR scheduler Skipped queueing frappe.email.doctype.email_account.email_account.pull because it was found in queue for imransite
2025-06-23 15:22:31,564 ERROR scheduler Skipped queueing frappe.automation.doctype.reminder.reminder.send_reminders because it was found in queue for imransite
2025-06-23 15:22:31,578 ERROR scheduler Skipped queueing frappe.email.doctype.newsletter.newsletter.send_scheduled_email because it was found in queue for imransite
2025-06-23 15:22:31,581 ERROR scheduler Skipped queueing frappe.email.doctype.email_account.email_account.notify_unreplied because it was found in queue for imransite
2025-06-23 15:22:31,589 ERROR scheduler Skipped queueing frappe.desk.form.document_follow.send_hourly_updates because it was found in queue for imransite
2025-06-23 15:22:31,594 ERROR scheduler Skipped queueing frappe.twofactor.delete_all_barcodes_for_users because it was found in queue for imransite
2025-06-23 15:22:31,602 ERROR scheduler Skipped queueing frappe.website.doctype.personal_data_deletion_request.personal_data_deletion_request.process_data_deletion_request because it was found in queue for imransite
2025-06-23 15:22:31,607 ERROR scheduler Skipped queueing frappe.model.utils.user_settings.sync_user_settings because it was found in queue for imransite
2025-06-23 15:22:31,610 ERROR scheduler Skipped queueing frappe.monitor.flush because it was found in queue for imransite
2025-06-23 15:22:31,612 ERROR scheduler Skipped queueing frappe.deferred_insert.save_to_db because it was found in queue for imransite
2025-06-23 15:22:31,617 ERROR scheduler Skipped queueing frappe.oauth.delete_oauth2_data because it was found in queue for imransite
2025-06-23 15:22:31,619 ERROR scheduler Skipped queueing frappe.core.doctype.prepared_report.prepared_report.expire_stalled_report because it was found in queue for imransite
2025-06-23 15:22:31,623 ERROR scheduler Skipped queueing frappe.email.queue.flush because it was found in queue for imransite
2025-06-23 15:22:31,625 ERROR scheduler Skipped queueing frappe.desk.page.backups.backups.delete_downloadable_backups because it was found in queue for imransite
2025-06-23 15:22:31,627 ERROR scheduler Skipped queueing frappe.model.utils.link_count.update_link_count because it was found in queue for imransite
2025-06-23 15:22:31,631 ERROR scheduler Skipped queueing frappe.utils.global_search.sync_global_search because it was found in queue for imransite
2025-06-23 15:23:31,745 ERROR scheduler Skipped queueing frappe.website.doctype.web_page.web_page.check_publish_status because it was found in queue for imransite
2025-06-23 15:23:31,747 ERROR scheduler Skipped queueing frappe.email.queue.flush because it was found in queue for imransite
2025-06-23 15:23:31,749 ERROR scheduler Skipped queueing frappe.email.doctype.newsletter.newsletter.send_scheduled_email because it was found in queue for imransite
2025-06-23 15:23:31,757 ERROR scheduler Skipped queueing frappe.twofactor.delete_all_barcodes_for_users because it was found in queue for imransite
2025-06-23 15:23:31,759 ERROR scheduler Skipped queueing frappe.desk.page.backups.backups.delete_downloadable_backups because it was found in queue for imransite
2025-06-23 15:23:31,762 ERROR scheduler Skipped queueing frappe.oauth.delete_oauth2_data because it was found in queue for imransite
2025-06-23 15:23:31,764 ERROR scheduler Skipped queueing frappe.model.utils.user_settings.sync_user_settings because it was found in queue for imransite
2025-06-23 15:23:31,767 ERROR scheduler Skipped queueing frappe.email.doctype.email_account.email_account.pull because it was found in queue for imransite
2025-06-23 15:23:31,770 ERROR scheduler Skipped queueing frappe.monitor.flush because it was found in queue for imransite
2025-06-23 15:23:31,777 ERROR scheduler Skipped queueing frappe.deferred_insert.save_to_db because it was found in queue for imransite
2025-06-23 15:23:31,786 ERROR scheduler Skipped queueing frappe.automation.doctype.reminder.reminder.send_reminders because it was found in queue for imransite
2025-06-23 15:23:31,788 ERROR scheduler Skipped queueing frappe.core.doctype.prepared_report.prepared_report.expire_stalled_report because it was found in queue for imransite
2025-06-23 15:23:31,790 ERROR scheduler Skipped queueing frappe.desk.form.document_follow.send_hourly_updates because it was found in queue for imransite
2025-06-23 15:23:31,792 ERROR scheduler Skipped queueing frappe.email.doctype.email_account.email_account.notify_unreplied because it was found in queue for imransite
2025-06-23 15:23:31,794 ERROR scheduler Skipped queueing frappe.integrations.doctype.google_calendar.google_calendar.sync because it was found in queue for imransite
2025-06-23 15:23:31,797 ERROR scheduler Skipped queueing frappe.model.utils.link_count.update_link_count because it was found in queue for imransite
2025-06-23 15:23:31,799 ERROR scheduler Skipped queueing frappe.website.doctype.personal_data_deletion_request.personal_data_deletion_request.process_data_deletion_request because it was found in queue for imransite
2025-06-23 15:23:31,806 ERROR scheduler Skipped queueing frappe.utils.global_search.sync_global_search because it was found in queue for imransite
2025-06-23 15:24:31,922 ERROR scheduler Skipped queueing frappe.deferred_insert.save_to_db because it was found in queue for imransite
2025-06-23 15:24:31,928 ERROR scheduler Skipped queueing frappe.email.doctype.email_account.email_account.pull because it was found in queue for imransite
2025-06-23 15:24:31,930 ERROR scheduler Skipped queueing frappe.oauth.delete_oauth2_data because it was found in queue for imransite
2025-06-23 15:24:31,935 ERROR scheduler Skipped queueing frappe.integrations.doctype.google_calendar.google_calendar.sync because it was found in queue for imransite
2025-06-23 15:24:31,948 ERROR scheduler Skipped queueing frappe.monitor.flush because it was found in queue for imransite
2025-06-23 15:24:31,951 ERROR scheduler Skipped queueing frappe.twofactor.delete_all_barcodes_for_users because it was found in queue for imransite
2025-06-23 15:24:31,958 ERROR scheduler Skipped queueing frappe.model.utils.user_settings.sync_user_settings because it was found in queue for imransite
2025-06-23 15:24:31,969 ERROR scheduler Skipped queueing frappe.utils.global_search.sync_global_search because it was found in queue for imransite
2025-06-23 15:24:31,971 ERROR scheduler Skipped queueing frappe.website.doctype.web_page.web_page.check_publish_status because it was found in queue for imransite
2025-06-23 15:24:31,975 ERROR scheduler Skipped queueing frappe.automation.doctype.reminder.reminder.send_reminders because it was found in queue for imransite
2025-06-23 15:24:31,977 ERROR scheduler Skipped queueing frappe.model.utils.link_count.update_link_count because it was found in queue for imransite
2025-06-23 15:24:31,979 ERROR scheduler Skipped queueing frappe.website.doctype.personal_data_deletion_request.personal_data_deletion_request.process_data_deletion_request because it was found in queue for imransite
2025-06-23 15:24:31,981 ERROR scheduler Skipped queueing frappe.email.doctype.email_account.email_account.notify_unreplied because it was found in queue for imransite
2025-06-23 15:24:31,984 ERROR scheduler Skipped queueing frappe.email.doctype.newsletter.newsletter.send_scheduled_email because it was found in queue for imransite
2025-06-23 15:24:31,989 ERROR scheduler Skipped queueing frappe.core.doctype.prepared_report.prepared_report.expire_stalled_report because it was found in queue for imransite
2025-06-23 15:24:31,991 ERROR scheduler Skipped queueing frappe.desk.form.document_follow.send_hourly_updates because it was found in queue for imransite
2025-06-23 15:24:31,993 ERROR scheduler Skipped queueing frappe.desk.page.backups.backups.delete_downloadable_backups because it was found in queue for imransite
2025-06-23 15:24:31,996 ERROR scheduler Skipped queueing frappe.email.queue.flush because it was found in queue for imransite
2025-06-23 15:25:32,111 ERROR scheduler Skipped queueing frappe.email.doctype.email_account.email_account.notify_unreplied because it was found in queue for imransite
2025-06-23 15:25:32,116 ERROR scheduler Skipped queueing frappe.automation.doctype.reminder.reminder.send_reminders because it was found in queue for imransite
2025-06-23 15:25:32,120 ERROR scheduler Skipped queueing frappe.twofactor.delete_all_barcodes_for_users because it was found in queue for imransite
2025-06-23 15:25:32,124 ERROR scheduler Skipped queueing frappe.core.doctype.prepared_report.prepared_report.expire_stalled_report because it was found in queue for imransite
2025-06-23 15:25:32,126 ERROR scheduler Skipped queueing frappe.integrations.doctype.google_calendar.google_calendar.sync because it was found in queue for imransite
2025-06-23 15:25:32,128 ERROR scheduler Skipped queueing frappe.email.doctype.newsletter.newsletter.send_scheduled_email because it was found in queue for imransite
2025-06-23 15:25:32,132 ERROR scheduler Skipped queueing frappe.monitor.flush because it was found in queue for imransite
2025-06-23 15:25:32,134 ERROR scheduler Skipped queueing frappe.website.doctype.web_page.web_page.check_publish_status because it was found in queue for imransite
2025-06-23 15:25:32,136 ERROR scheduler Skipped queueing frappe.desk.form.document_follow.send_hourly_updates because it was found in queue for imransite
2025-06-23 15:25:32,139 ERROR scheduler Skipped queueing frappe.desk.page.backups.backups.delete_downloadable_backups because it was found in queue for imransite
2025-06-23 15:25:32,142 ERROR scheduler Skipped queueing frappe.model.utils.user_settings.sync_user_settings because it was found in queue for imransite
2025-06-23 15:25:32,145 ERROR scheduler Skipped queueing frappe.deferred_insert.save_to_db because it was found in queue for imransite
2025-06-23 15:25:32,148 ERROR scheduler Skipped queueing frappe.utils.global_search.sync_global_search because it was found in queue for imransite
2025-06-23 15:25:32,150 ERROR scheduler Skipped queueing frappe.model.utils.link_count.update_link_count because it was found in queue for imransite
2025-06-23 15:25:32,154 ERROR scheduler Skipped queueing frappe.email.doctype.email_account.email_account.pull because it was found in queue for imransite
2025-06-23 15:25:32,156 ERROR scheduler Skipped queueing frappe.oauth.delete_oauth2_data because it was found in queue for imransite
2025-06-23 15:25:32,161 ERROR scheduler Skipped queueing frappe.website.doctype.personal_data_deletion_request.personal_data_deletion_request.process_data_deletion_request because it was found in queue for imransite
2025-06-23 15:25:32,167 ERROR scheduler Skipped queueing frappe.email.queue.flush because it was found in queue for imransite
2025-06-23 15:26:32,280 ERROR scheduler Skipped queueing frappe.email.doctype.email_account.email_account.pull because it was found in queue for imransite
2025-06-23 15:26:32,283 ERROR scheduler Skipped queueing frappe.desk.form.document_follow.send_hourly_updates because it was found in queue for imransite
2025-06-23 15:26:32,286 ERROR scheduler Skipped queueing frappe.monitor.flush because it was found in queue for imransite
2025-06-23 15:26:32,289 ERROR scheduler Skipped queueing frappe.deferred_insert.save_to_db because it was found in queue for imransite
2025-06-23 15:26:32,295 ERROR scheduler Skipped queueing frappe.website.doctype.web_page.web_page.check_publish_status because it was found in queue for imransite
2025-06-23 15:26:32,298 ERROR scheduler Skipped queueing frappe.desk.page.backups.backups.delete_downloadable_backups because it was found in queue for imransite
2025-06-23 15:26:32,301 ERROR scheduler Skipped queueing frappe.twofactor.delete_all_barcodes_for_users because it was found in queue for imransite
2025-06-23 15:26:32,315 ERROR scheduler Skipped queueing frappe.automation.doctype.reminder.reminder.send_reminders because it was found in queue for imransite
2025-06-23 15:26:32,319 ERROR scheduler Skipped queueing frappe.email.doctype.email_account.email_account.notify_unreplied because it was found in queue for imransite
2025-06-23 15:26:32,321 ERROR scheduler Skipped queueing frappe.model.utils.user_settings.sync_user_settings because it was found in queue for imransite
2025-06-23 15:26:32,323 ERROR scheduler Skipped queueing frappe.email.doctype.newsletter.newsletter.send_scheduled_email because it was found in queue for imransite
2025-06-23 15:26:32,326 ERROR scheduler Skipped queueing frappe.integrations.doctype.google_calendar.google_calendar.sync because it was found in queue for imransite
2025-06-23 15:26:32,328 ERROR scheduler Skipped queueing frappe.website.doctype.personal_data_deletion_request.personal_data_deletion_request.process_data_deletion_request because it was found in queue for imransite
2025-06-23 15:26:32,330 ERROR scheduler Skipped queueing frappe.model.utils.link_count.update_link_count because it was found in queue for imransite
2025-06-23 15:26:32,333 ERROR scheduler Skipped queueing frappe.utils.global_search.sync_global_search because it was found in queue for imransite
2025-06-23 15:26:32,336 ERROR scheduler Skipped queueing frappe.email.queue.flush because it was found in queue for imransite
2025-06-23 15:26:32,338 ERROR scheduler Skipped queueing frappe.core.doctype.prepared_report.prepared_report.expire_stalled_report because it was found in queue for imransite
2025-06-23 15:26:32,341 ERROR scheduler Skipped queueing frappe.oauth.delete_oauth2_data because it was found in queue for imransite
2025-06-23 15:27:32,459 ERROR scheduler Skipped queueing frappe.core.doctype.prepared_report.prepared_report.expire_stalled_report because it was found in queue for imransite
2025-06-23 15:27:32,465 ERROR scheduler Skipped queueing frappe.model.utils.link_count.update_link_count because it was found in queue for imransite
2025-06-23 15:27:32,468 ERROR scheduler Skipped queueing frappe.email.queue.flush because it was found in queue for imransite
2025-06-23 15:27:32,471 ERROR scheduler Skipped queueing frappe.email.doctype.newsletter.newsletter.send_scheduled_email because it was found in queue for imransite
2025-06-23 15:27:32,475 ERROR scheduler Skipped queueing frappe.monitor.flush because it was found in queue for imransite
2025-06-23 15:27:32,477 ERROR scheduler Skipped queueing frappe.model.utils.user_settings.sync_user_settings because it was found in queue for imransite
2025-06-23 15:27:32,480 ERROR scheduler Skipped queueing frappe.email.doctype.email_account.email_account.notify_unreplied because it was found in queue for imransite
2025-06-23 15:27:32,483 ERROR scheduler Skipped queueing frappe.website.doctype.web_page.web_page.check_publish_status because it was found in queue for imransite
2025-06-23 15:27:32,485 ERROR scheduler Skipped queueing frappe.email.doctype.email_account.email_account.pull because it was found in queue for imransite
2025-06-23 15:27:32,487 ERROR scheduler Skipped queueing frappe.desk.page.backups.backups.delete_downloadable_backups because it was found in queue for imransite
2025-06-23 15:27:32,494 ERROR scheduler Skipped queueing frappe.oauth.delete_oauth2_data because it was found in queue for imransite
2025-06-23 15:27:32,498 ERROR scheduler Skipped queueing frappe.utils.global_search.sync_global_search because it was found in queue for imransite
2025-06-23 15:27:32,501 ERROR scheduler Skipped queueing frappe.desk.form.document_follow.send_hourly_updates because it was found in queue for imransite
2025-06-23 15:27:32,503 ERROR scheduler Skipped queueing frappe.twofactor.delete_all_barcodes_for_users because it was found in queue for imransite
2025-06-23 15:27:32,509 ERROR scheduler Skipped queueing frappe.integrations.doctype.google_calendar.google_calendar.sync because it was found in queue for imransite
2025-06-23 15:27:32,513 ERROR scheduler Skipped queueing frappe.automation.doctype.reminder.reminder.send_reminders because it was found in queue for imransite
2025-06-23 15:27:32,515 ERROR scheduler Skipped queueing frappe.deferred_insert.save_to_db because it was found in queue for imransite
2025-06-23 15:27:32,519 ERROR scheduler Skipped queueing frappe.website.doctype.personal_data_deletion_request.personal_data_deletion_request.process_data_deletion_request because it was found in queue for imransite
2025-06-23 15:28:32,633 ERROR scheduler Skipped queueing frappe.website.doctype.personal_data_deletion_request.personal_data_deletion_request.process_data_deletion_request because it was found in queue for imransite
2025-06-23 15:28:32,635 ERROR scheduler Skipped queueing frappe.desk.form.document_follow.send_hourly_updates because it was found in queue for imransite
2025-06-23 15:28:32,643 ERROR scheduler Skipped queueing frappe.email.queue.flush because it was found in queue for imransite
2025-06-23 15:28:32,647 ERROR scheduler Skipped queueing frappe.core.doctype.prepared_report.prepared_report.expire_stalled_report because it was found in queue for imransite
2025-06-23 15:28:32,650 ERROR scheduler Skipped queueing frappe.email.doctype.email_account.email_account.pull because it was found in queue for imransite
2025-06-23 15:28:32,652 ERROR scheduler Skipped queueing frappe.model.utils.user_settings.sync_user_settings because it was found in queue for imransite
2025-06-23 15:28:32,654 ERROR scheduler Skipped queueing frappe.desk.page.backups.backups.delete_downloadable_backups because it was found in queue for imransite
2025-06-23 15:28:32,657 ERROR scheduler Skipped queueing frappe.website.doctype.web_page.web_page.check_publish_status because it was found in queue for imransite
2025-06-23 15:28:32,659 ERROR scheduler Skipped queueing frappe.model.utils.link_count.update_link_count because it was found in queue for imransite
2025-06-23 15:28:32,662 ERROR scheduler Skipped queueing frappe.automation.doctype.reminder.reminder.send_reminders because it was found in queue for imransite
2025-06-23 15:28:32,670 ERROR scheduler Skipped queueing frappe.utils.global_search.sync_global_search because it was found in queue for imransite
2025-06-23 15:28:32,673 ERROR scheduler Skipped queueing frappe.monitor.flush because it was found in queue for imransite
2025-06-23 15:28:32,675 ERROR scheduler Skipped queueing frappe.oauth.delete_oauth2_data because it was found in queue for imransite
2025-06-23 15:28:32,678 ERROR scheduler Skipped queueing frappe.integrations.doctype.google_calendar.google_calendar.sync because it was found in queue for imransite
2025-06-23 15:28:32,684 ERROR scheduler Skipped queueing frappe.deferred_insert.save_to_db because it was found in queue for imransite
2025-06-23 15:28:32,689 ERROR scheduler Skipped queueing frappe.twofactor.delete_all_barcodes_for_users because it was found in queue for imransite
2025-06-23 15:28:32,691 ERROR scheduler Skipped queueing frappe.email.doctype.newsletter.newsletter.send_scheduled_email because it was found in queue for imransite
2025-06-23 15:28:32,693 ERROR scheduler Skipped queueing frappe.email.doctype.email_account.email_account.notify_unreplied because it was found in queue for imransite
2025-06-23 15:29:32,809 ERROR scheduler Skipped queueing frappe.model.utils.user_settings.sync_user_settings because it was found in queue for imransite
2025-06-23 15:29:32,811 ERROR scheduler Skipped queueing frappe.website.doctype.personal_data_deletion_request.personal_data_deletion_request.process_data_deletion_request because it was found in queue for imransite
2025-06-23 15:29:32,814 ERROR scheduler Skipped queueing frappe.model.utils.link_count.update_link_count because it was found in queue for imransite
2025-06-23 15:29:32,816 ERROR scheduler Skipped queueing frappe.deferred_insert.save_to_db because it was found in queue for imransite
2025-06-23 15:29:32,818 ERROR scheduler Skipped queueing frappe.monitor.flush because it was found in queue for imransite
2025-06-23 15:29:32,820 ERROR scheduler Skipped queueing frappe.utils.global_search.sync_global_search because it was found in queue for imransite
2025-06-23 15:29:32,822 ERROR scheduler Skipped queueing frappe.email.doctype.newsletter.newsletter.send_scheduled_email because it was found in queue for imransite
2025-06-23 15:29:32,825 ERROR scheduler Skipped queueing frappe.automation.doctype.reminder.reminder.send_reminders because it was found in queue for imransite
2025-06-23 15:29:32,832 ERROR scheduler Skipped queueing frappe.desk.form.document_follow.send_hourly_updates because it was found in queue for imransite
2025-06-23 15:29:32,835 ERROR scheduler Skipped queueing frappe.website.doctype.web_page.web_page.check_publish_status because it was found in queue for imransite
2025-06-23 15:29:32,837 ERROR scheduler Skipped queueing frappe.email.queue.flush because it was found in queue for imransite
2025-06-23 15:29:32,841 ERROR scheduler Skipped queueing frappe.core.doctype.prepared_report.prepared_report.expire_stalled_report because it was found in queue for imransite
2025-06-23 15:29:32,845 ERROR scheduler Skipped queueing frappe.email.doctype.email_account.email_account.pull because it was found in queue for imransite
2025-06-23 15:29:32,849 ERROR scheduler Skipped queueing frappe.oauth.delete_oauth2_data because it was found in queue for imransite
2025-06-23 15:29:32,852 ERROR scheduler Skipped queueing frappe.desk.page.backups.backups.delete_downloadable_backups because it was found in queue for imransite
2025-06-23 15:29:32,855 ERROR scheduler Skipped queueing frappe.integrations.doctype.google_calendar.google_calendar.sync because it was found in queue for imransite
2025-06-23 15:29:32,860 ERROR scheduler Skipped queueing frappe.email.doctype.email_account.email_account.notify_unreplied because it was found in queue for imransite
2025-06-23 15:29:32,862 ERROR scheduler Skipped queueing frappe.twofactor.delete_all_barcodes_for_users because it was found in queue for imransite
2025-06-23 15:30:32,982 ERROR scheduler Skipped queueing frappe.desk.page.backups.backups.delete_downloadable_backups because it was found in queue for imransite
2025-06-23 15:30:32,984 ERROR scheduler Skipped queueing frappe.model.utils.link_count.update_link_count because it was found in queue for imransite
2025-06-23 15:30:32,987 ERROR scheduler Skipped queueing frappe.utils.global_search.sync_global_search because it was found in queue for imransite
2025-06-23 15:30:32,993 ERROR scheduler Skipped queueing frappe.oauth.delete_oauth2_data because it was found in queue for imransite
2025-06-23 15:30:32,996 ERROR scheduler Skipped queueing frappe.automation.doctype.reminder.reminder.send_reminders because it was found in queue for imransite
2025-06-23 15:30:32,998 ERROR scheduler Skipped queueing frappe.integrations.doctype.google_calendar.google_calendar.sync because it was found in queue for imransite
2025-06-23 15:30:33,002 ERROR scheduler Skipped queueing frappe.twofactor.delete_all_barcodes_for_users because it was found in queue for imransite
2025-06-23 15:30:33,005 ERROR scheduler Skipped queueing frappe.desk.form.document_follow.send_hourly_updates because it was found in queue for imransite
2025-06-23 15:30:33,009 ERROR scheduler Skipped queueing frappe.email.doctype.email_account.email_account.notify_unreplied because it was found in queue for imransite
2025-06-23 15:30:33,012 ERROR scheduler Skipped queueing frappe.website.doctype.personal_data_deletion_request.personal_data_deletion_request.process_data_deletion_request because it was found in queue for imransite
2025-06-23 15:30:33,018 ERROR scheduler Skipped queueing frappe.email.doctype.newsletter.newsletter.send_scheduled_email because it was found in queue for imransite
2025-06-23 15:30:33,021 ERROR scheduler Skipped queueing frappe.model.utils.user_settings.sync_user_settings because it was found in queue for imransite
2025-06-23 15:30:33,025 ERROR scheduler Skipped queueing frappe.core.doctype.prepared_report.prepared_report.expire_stalled_report because it was found in queue for imransite
2025-06-23 15:30:33,031 ERROR scheduler Skipped queueing frappe.email.doctype.email_account.email_account.pull because it was found in queue for imransite
2025-06-23 15:30:33,038 ERROR scheduler Skipped queueing frappe.website.doctype.web_page.web_page.check_publish_status because it was found in queue for imransite
2025-06-23 15:30:33,040 ERROR scheduler Skipped queueing frappe.deferred_insert.save_to_db because it was found in queue for imransite
2025-06-23 15:30:33,043 ERROR scheduler Skipped queueing frappe.email.queue.flush because it was found in queue for imransite
2025-06-23 15:30:33,051 ERROR scheduler Skipped queueing frappe.monitor.flush because it was found in queue for imransite
2025-06-23 15:31:33,172 ERROR scheduler Skipped queueing frappe.email.queue.flush because it was found in queue for imransite
2025-06-23 15:31:33,178 ERROR scheduler Skipped queueing frappe.deferred_insert.save_to_db because it was found in queue for imransite
2025-06-23 15:31:33,180 ERROR scheduler Skipped queueing frappe.model.utils.user_settings.sync_user_settings because it was found in queue for imransite
2025-06-23 15:31:33,184 ERROR scheduler Skipped queueing frappe.email.doctype.email_account.email_account.pull because it was found in queue for imransite
2025-06-23 15:31:33,189 ERROR scheduler Skipped queueing frappe.model.utils.link_count.update_link_count because it was found in queue for imransite
2025-06-23 15:31:33,194 ERROR scheduler Skipped queueing frappe.utils.global_search.sync_global_search because it was found in queue for imransite
2025-06-23 15:31:33,196 ERROR scheduler Skipped queueing frappe.desk.page.backups.backups.delete_downloadable_backups because it was found in queue for imransite
2025-06-23 15:31:33,199 ERROR scheduler Skipped queueing frappe.integrations.doctype.google_calendar.google_calendar.sync because it was found in queue for imransite
2025-06-23 15:31:33,203 ERROR scheduler Skipped queueing frappe.core.doctype.prepared_report.prepared_report.expire_stalled_report because it was found in queue for imransite
2025-06-23 15:31:33,207 ERROR scheduler Skipped queueing frappe.email.doctype.email_account.email_account.notify_unreplied because it was found in queue for imransite
2025-06-23 15:31:33,210 ERROR scheduler Skipped queueing frappe.website.doctype.web_page.web_page.check_publish_status because it was found in queue for imransite
2025-06-23 15:31:33,211 ERROR scheduler Skipped queueing frappe.oauth.delete_oauth2_data because it was found in queue for imransite
2025-06-23 15:31:33,214 ERROR scheduler Skipped queueing frappe.website.doctype.personal_data_deletion_request.personal_data_deletion_request.process_data_deletion_request because it was found in queue for imransite
2025-06-23 15:31:33,216 ERROR scheduler Skipped queueing frappe.automation.doctype.reminder.reminder.send_reminders because it was found in queue for imransite
2025-06-23 15:31:33,219 ERROR scheduler Skipped queueing frappe.monitor.flush because it was found in queue for imransite
2025-06-23 15:31:33,220 ERROR scheduler Skipped queueing frappe.email.doctype.newsletter.newsletter.send_scheduled_email because it was found in queue for imransite
2025-06-23 15:31:33,222 ERROR scheduler Skipped queueing frappe.twofactor.delete_all_barcodes_for_users because it was found in queue for imransite
2025-06-23 15:31:33,225 ERROR scheduler Skipped queueing frappe.desk.form.document_follow.send_hourly_updates because it was found in queue for imransite
2025-06-23 15:32:33,342 ERROR scheduler Skipped queueing frappe.email.doctype.email_account.email_account.notify_unreplied because it was found in queue for imransite
2025-06-23 15:32:33,349 ERROR scheduler Skipped queueing frappe.oauth.delete_oauth2_data because it was found in queue for imransite
2025-06-23 15:32:33,351 ERROR scheduler Skipped queueing frappe.email.doctype.newsletter.newsletter.send_scheduled_email because it was found in queue for imransite
2025-06-23 15:32:33,354 ERROR scheduler Skipped queueing frappe.monitor.flush because it was found in queue for imransite
2025-06-23 15:32:33,356 ERROR scheduler Skipped queueing frappe.email.queue.flush because it was found in queue for imransite
2025-06-23 15:32:33,364 ERROR scheduler Skipped queueing frappe.email.doctype.email_account.email_account.pull because it was found in queue for imransite
2025-06-23 15:32:33,366 ERROR scheduler Skipped queueing frappe.utils.global_search.sync_global_search because it was found in queue for imransite
2025-06-23 15:32:33,368 ERROR scheduler Skipped queueing frappe.model.utils.user_settings.sync_user_settings because it was found in queue for imransite
2025-06-23 15:32:33,370 ERROR scheduler Skipped queueing frappe.desk.page.backups.backups.delete_downloadable_backups because it was found in queue for imransite
2025-06-23 15:32:33,372 ERROR scheduler Skipped queueing frappe.automation.doctype.reminder.reminder.send_reminders because it was found in queue for imransite
2025-06-23 15:32:33,375 ERROR scheduler Skipped queueing frappe.core.doctype.prepared_report.prepared_report.expire_stalled_report because it was found in queue for imransite
2025-06-23 15:32:33,381 ERROR scheduler Skipped queueing frappe.twofactor.delete_all_barcodes_for_users because it was found in queue for imransite
2025-06-23 15:32:33,386 ERROR scheduler Skipped queueing frappe.website.doctype.web_page.web_page.check_publish_status because it was found in queue for imransite
2025-06-23 15:32:33,393 ERROR scheduler Skipped queueing frappe.integrations.doctype.google_calendar.google_calendar.sync because it was found in queue for imransite
2025-06-23 15:32:33,395 ERROR scheduler Skipped queueing frappe.deferred_insert.save_to_db because it was found in queue for imransite
2025-06-23 15:32:33,399 ERROR scheduler Skipped queueing frappe.model.utils.link_count.update_link_count because it was found in queue for imransite
2025-06-23 15:32:33,400 ERROR scheduler Skipped queueing frappe.desk.form.document_follow.send_hourly_updates because it was found in queue for imransite
2025-06-23 15:32:33,403 ERROR scheduler Skipped queueing frappe.website.doctype.personal_data_deletion_request.personal_data_deletion_request.process_data_deletion_request because it was found in queue for imransite
2025-06-23 15:33:33,518 ERROR scheduler Skipped queueing frappe.desk.form.document_follow.send_hourly_updates because it was found in queue for imransite
2025-06-23 15:33:33,520 ERROR scheduler Skipped queueing frappe.desk.page.backups.backups.delete_downloadable_backups because it was found in queue for imransite
2025-06-23 15:33:33,524 ERROR scheduler Skipped queueing frappe.email.doctype.email_account.email_account.pull because it was found in queue for imransite
2025-06-23 15:33:33,528 ERROR scheduler Skipped queueing frappe.twofactor.delete_all_barcodes_for_users because it was found in queue for imransite
2025-06-23 15:33:33,533 ERROR scheduler Skipped queueing frappe.core.doctype.prepared_report.prepared_report.expire_stalled_report because it was found in queue for imransite
2025-06-23 15:33:33,539 ERROR scheduler Skipped queueing frappe.integrations.doctype.google_calendar.google_calendar.sync because it was found in queue for imransite
2025-06-23 15:33:33,541 ERROR scheduler Skipped queueing frappe.email.doctype.email_account.email_account.notify_unreplied because it was found in queue for imransite
2025-06-23 15:33:33,543 ERROR scheduler Skipped queueing frappe.utils.global_search.sync_global_search because it was found in queue for imransite
2025-06-23 15:33:33,552 ERROR scheduler Skipped queueing frappe.model.utils.user_settings.sync_user_settings because it was found in queue for imransite
2025-06-23 15:33:33,554 ERROR scheduler Skipped queueing frappe.deferred_insert.save_to_db because it was found in queue for imransite
2025-06-23 15:33:33,564 ERROR scheduler Skipped queueing frappe.website.doctype.web_page.web_page.check_publish_status because it was found in queue for imransite
2025-06-23 15:33:33,567 ERROR scheduler Skipped queueing frappe.monitor.flush because it was found in queue for imransite
2025-06-23 15:33:33,569 ERROR scheduler Skipped queueing frappe.email.doctype.newsletter.newsletter.send_scheduled_email because it was found in queue for imransite
2025-06-23 15:33:33,574 ERROR scheduler Skipped queueing frappe.automation.doctype.reminder.reminder.send_reminders because it was found in queue for imransite
2025-06-23 15:33:33,576 ERROR scheduler Skipped queueing frappe.email.queue.flush because it was found in queue for imransite
2025-06-23 15:33:33,578 ERROR scheduler Skipped queueing frappe.website.doctype.personal_data_deletion_request.personal_data_deletion_request.process_data_deletion_request because it was found in queue for imransite
2025-06-23 15:33:33,580 ERROR scheduler Skipped queueing frappe.model.utils.link_count.update_link_count because it was found in queue for imransite
2025-06-23 15:33:33,583 ERROR scheduler Skipped queueing frappe.oauth.delete_oauth2_data because it was found in queue for imransite
2025-06-23 15:34:33,690 ERROR scheduler Skipped queueing frappe.website.doctype.personal_data_deletion_request.personal_data_deletion_request.process_data_deletion_request because it was found in queue for imransite
2025-06-23 15:34:33,695 ERROR scheduler Skipped queueing frappe.twofactor.delete_all_barcodes_for_users because it was found in queue for imransite
2025-06-23 15:34:33,702 ERROR scheduler Skipped queueing frappe.website.doctype.web_page.web_page.check_publish_status because it was found in queue for imransite
2025-06-23 15:34:33,705 ERROR scheduler Skipped queueing frappe.automation.doctype.reminder.reminder.send_reminders because it was found in queue for imransite
2025-06-23 15:34:33,710 ERROR scheduler Skipped queueing frappe.core.doctype.prepared_report.prepared_report.expire_stalled_report because it was found in queue for imransite
2025-06-23 15:34:33,717 ERROR scheduler Skipped queueing frappe.email.doctype.newsletter.newsletter.send_scheduled_email because it was found in queue for imransite
2025-06-23 15:34:33,722 ERROR scheduler Skipped queueing frappe.email.queue.flush because it was found in queue for imransite
2025-06-23 15:34:33,725 ERROR scheduler Skipped queueing frappe.model.utils.user_settings.sync_user_settings because it was found in queue for imransite
2025-06-23 15:34:33,729 ERROR scheduler Skipped queueing frappe.model.utils.link_count.update_link_count because it was found in queue for imransite
2025-06-23 15:34:33,732 ERROR scheduler Skipped queueing frappe.integrations.doctype.google_calendar.google_calendar.sync because it was found in queue for imransite
2025-06-23 15:34:33,734 ERROR scheduler Skipped queueing frappe.desk.page.backups.backups.delete_downloadable_backups because it was found in queue for imransite
2025-06-23 15:34:33,738 ERROR scheduler Skipped queueing frappe.email.doctype.email_account.email_account.pull because it was found in queue for imransite
2025-06-23 15:34:33,740 ERROR scheduler Skipped queueing frappe.oauth.delete_oauth2_data because it was found in queue for imransite
2025-06-23 15:34:33,744 ERROR scheduler Skipped queueing frappe.deferred_insert.save_to_db because it was found in queue for imransite
2025-06-23 15:34:33,747 ERROR scheduler Skipped queueing frappe.utils.global_search.sync_global_search because it was found in queue for imransite
2025-06-23 15:34:33,749 ERROR scheduler Skipped queueing frappe.email.doctype.email_account.email_account.notify_unreplied because it was found in queue for imransite
2025-06-23 15:34:33,751 ERROR scheduler Skipped queueing frappe.desk.form.document_follow.send_hourly_updates because it was found in queue for imransite
2025-06-23 15:34:33,753 ERROR scheduler Skipped queueing frappe.monitor.flush because it was found in queue for imransite
2025-06-23 15:35:33,868 ERROR scheduler Skipped queueing frappe.email.queue.flush because it was found in queue for imransite
2025-06-23 15:35:33,870 ERROR scheduler Skipped queueing frappe.deferred_insert.save_to_db because it was found in queue for imransite
2025-06-23 15:35:33,874 ERROR scheduler Skipped queueing frappe.automation.doctype.reminder.reminder.send_reminders because it was found in queue for imransite
2025-06-23 15:35:33,880 ERROR scheduler Skipped queueing frappe.email.doctype.newsletter.newsletter.send_scheduled_email because it was found in queue for imransite
2025-06-23 15:35:33,882 ERROR scheduler Skipped queueing frappe.desk.page.backups.backups.delete_downloadable_backups because it was found in queue for imransite
2025-06-23 15:35:33,887 ERROR scheduler Skipped queueing frappe.email.doctype.email_account.email_account.pull because it was found in queue for imransite
2025-06-23 15:35:33,889 ERROR scheduler Skipped queueing frappe.integrations.doctype.google_calendar.google_calendar.sync because it was found in queue for imransite
2025-06-23 15:35:33,893 ERROR scheduler Skipped queueing frappe.oauth.delete_oauth2_data because it was found in queue for imransite
2025-06-23 15:35:33,895 ERROR scheduler Skipped queueing frappe.website.doctype.personal_data_deletion_request.personal_data_deletion_request.process_data_deletion_request because it was found in queue for imransite
2025-06-23 15:35:33,898 ERROR scheduler Skipped queueing frappe.twofactor.delete_all_barcodes_for_users because it was found in queue for imransite
2025-06-23 15:35:33,901 ERROR scheduler Skipped queueing frappe.monitor.flush because it was found in queue for imransite
2025-06-23 15:35:33,908 ERROR scheduler Skipped queueing frappe.core.doctype.prepared_report.prepared_report.expire_stalled_report because it was found in queue for imransite
2025-06-23 15:35:33,916 ERROR scheduler Skipped queueing frappe.website.doctype.web_page.web_page.check_publish_status because it was found in queue for imransite
2025-06-23 15:35:33,918 ERROR scheduler Skipped queueing frappe.desk.form.document_follow.send_hourly_updates because it was found in queue for imransite
2025-06-23 15:35:33,920 ERROR scheduler Skipped queueing frappe.utils.global_search.sync_global_search because it was found in queue for imransite
2025-06-23 15:35:33,923 ERROR scheduler Skipped queueing frappe.email.doctype.email_account.email_account.notify_unreplied because it was found in queue for imransite
2025-06-23 15:35:33,926 ERROR scheduler Skipped queueing frappe.model.utils.user_settings.sync_user_settings because it was found in queue for imransite
2025-06-23 15:35:33,929 ERROR scheduler Skipped queueing frappe.model.utils.link_count.update_link_count because it was found in queue for imransite
2025-06-23 15:36:34,046 ERROR scheduler Skipped queueing frappe.integrations.doctype.google_calendar.google_calendar.sync because it was found in queue for imransite
2025-06-23 15:36:34,049 ERROR scheduler Skipped queueing frappe.automation.doctype.reminder.reminder.send_reminders because it was found in queue for imransite
2025-06-23 15:36:34,050 ERROR scheduler Skipped queueing frappe.email.queue.flush because it was found in queue for imransite
2025-06-23 15:36:34,052 ERROR scheduler Skipped queueing frappe.core.doctype.prepared_report.prepared_report.expire_stalled_report because it was found in queue for imransite
2025-06-23 15:36:34,055 ERROR scheduler Skipped queueing frappe.utils.global_search.sync_global_search because it was found in queue for imransite
2025-06-23 15:36:34,058 ERROR scheduler Skipped queueing frappe.email.doctype.newsletter.newsletter.send_scheduled_email because it was found in queue for imransite
2025-06-23 15:36:34,062 ERROR scheduler Skipped queueing frappe.monitor.flush because it was found in queue for imransite
2025-06-23 15:36:34,064 ERROR scheduler Skipped queueing frappe.deferred_insert.save_to_db because it was found in queue for imransite
2025-06-23 15:36:34,068 ERROR scheduler Skipped queueing frappe.desk.form.document_follow.send_hourly_updates because it was found in queue for imransite
2025-06-23 15:36:34,070 ERROR scheduler Skipped queueing frappe.model.utils.user_settings.sync_user_settings because it was found in queue for imransite
2025-06-23 15:36:34,077 ERROR scheduler Skipped queueing frappe.email.doctype.email_account.email_account.pull because it was found in queue for imransite
2025-06-23 15:36:34,083 ERROR scheduler Skipped queueing frappe.website.doctype.web_page.web_page.check_publish_status because it was found in queue for imransite
2025-06-23 15:36:34,085 ERROR scheduler Skipped queueing frappe.email.doctype.email_account.email_account.notify_unreplied because it was found in queue for imransite
2025-06-23 15:36:34,089 ERROR scheduler Skipped queueing frappe.website.doctype.personal_data_deletion_request.personal_data_deletion_request.process_data_deletion_request because it was found in queue for imransite
2025-06-23 15:36:34,094 ERROR scheduler Skipped queueing frappe.twofactor.delete_all_barcodes_for_users because it was found in queue for imransite
2025-06-23 15:36:34,096 ERROR scheduler Skipped queueing frappe.desk.page.backups.backups.delete_downloadable_backups because it was found in queue for imransite
2025-06-23 15:36:34,098 ERROR scheduler Skipped queueing frappe.model.utils.link_count.update_link_count because it was found in queue for imransite
2025-06-23 15:36:34,101 ERROR scheduler Skipped queueing frappe.oauth.delete_oauth2_data because it was found in queue for imransite
2025-06-23 15:37:34,220 ERROR scheduler Skipped queueing frappe.website.doctype.web_page.web_page.check_publish_status because it was found in queue for imransite
2025-06-23 15:37:34,224 ERROR scheduler Skipped queueing frappe.website.doctype.personal_data_deletion_request.personal_data_deletion_request.process_data_deletion_request because it was found in queue for imransite
2025-06-23 15:37:34,227 ERROR scheduler Skipped queueing frappe.email.queue.flush because it was found in queue for imransite
2025-06-23 15:37:34,229 ERROR scheduler Skipped queueing frappe.desk.form.document_follow.send_hourly_updates because it was found in queue for imransite
2025-06-23 15:37:34,238 ERROR scheduler Skipped queueing frappe.core.doctype.prepared_report.prepared_report.expire_stalled_report because it was found in queue for imransite
2025-06-23 15:37:34,244 ERROR scheduler Skipped queueing frappe.automation.doctype.reminder.reminder.send_reminders because it was found in queue for imransite
2025-06-23 15:37:34,247 ERROR scheduler Skipped queueing frappe.integrations.doctype.google_calendar.google_calendar.sync because it was found in queue for imransite
2025-06-23 15:37:34,249 ERROR scheduler Skipped queueing frappe.utils.global_search.sync_global_search because it was found in queue for imransite
2025-06-23 15:37:34,252 ERROR scheduler Skipped queueing frappe.deferred_insert.save_to_db because it was found in queue for imransite
2025-06-23 15:37:34,257 ERROR scheduler Skipped queueing frappe.monitor.flush because it was found in queue for imransite
2025-06-23 15:37:34,260 ERROR scheduler Skipped queueing frappe.twofactor.delete_all_barcodes_for_users because it was found in queue for imransite
2025-06-23 15:37:34,263 ERROR scheduler Skipped queueing frappe.email.doctype.newsletter.newsletter.send_scheduled_email because it was found in queue for imransite
2025-06-23 15:37:34,265 ERROR scheduler Skipped queueing frappe.email.doctype.email_account.email_account.pull because it was found in queue for imransite
2025-06-23 15:37:34,267 ERROR scheduler Skipped queueing frappe.oauth.delete_oauth2_data because it was found in queue for imransite
2025-06-23 15:37:34,269 ERROR scheduler Skipped queueing frappe.desk.page.backups.backups.delete_downloadable_backups because it was found in queue for imransite
2025-06-23 15:37:34,271 ERROR scheduler Skipped queueing frappe.model.utils.user_settings.sync_user_settings because it was found in queue for imransite
2025-06-23 15:37:34,273 ERROR scheduler Skipped queueing frappe.email.doctype.email_account.email_account.notify_unreplied because it was found in queue for imransite
2025-06-23 15:37:34,275 ERROR scheduler Skipped queueing frappe.model.utils.link_count.update_link_count because it was found in queue for imransite
2025-06-23 15:38:34,391 ERROR scheduler Skipped queueing frappe.desk.page.backups.backups.delete_downloadable_backups because it was found in queue for imransite
2025-06-23 15:38:34,394 ERROR scheduler Skipped queueing frappe.monitor.flush because it was found in queue for imransite
2025-06-23 15:38:34,396 ERROR scheduler Skipped queueing frappe.model.utils.link_count.update_link_count because it was found in queue for imransite
2025-06-23 15:38:34,398 ERROR scheduler Skipped queueing frappe.oauth.delete_oauth2_data because it was found in queue for imransite
2025-06-23 15:38:34,400 ERROR scheduler Skipped queueing frappe.core.doctype.prepared_report.prepared_report.expire_stalled_report because it was found in queue for imransite
2025-06-23 15:38:34,405 ERROR scheduler Skipped queueing frappe.email.doctype.newsletter.newsletter.send_scheduled_email because it was found in queue for imransite
2025-06-23 15:38:34,408 ERROR scheduler Skipped queueing frappe.integrations.doctype.google_calendar.google_calendar.sync because it was found in queue for imransite
2025-06-23 15:38:34,414 ERROR scheduler Skipped queueing frappe.email.queue.flush because it was found in queue for imransite
2025-06-23 15:38:34,419 ERROR scheduler Skipped queueing frappe.desk.form.document_follow.send_hourly_updates because it was found in queue for imransite
2025-06-23 15:38:34,421 ERROR scheduler Skipped queueing frappe.deferred_insert.save_to_db because it was found in queue for imransite
2025-06-23 15:38:34,423 ERROR scheduler Skipped queueing frappe.website.doctype.web_page.web_page.check_publish_status because it was found in queue for imransite
2025-06-23 15:38:34,427 ERROR scheduler Skipped queueing frappe.automation.doctype.reminder.reminder.send_reminders because it was found in queue for imransite
2025-06-23 15:38:34,429 ERROR scheduler Skipped queueing frappe.website.doctype.personal_data_deletion_request.personal_data_deletion_request.process_data_deletion_request because it was found in queue for imransite
2025-06-23 15:38:34,432 ERROR scheduler Skipped queueing frappe.twofactor.delete_all_barcodes_for_users because it was found in queue for imransite
2025-06-23 15:38:34,440 ERROR scheduler Skipped queueing frappe.utils.global_search.sync_global_search because it was found in queue for imransite
2025-06-23 15:38:34,442 ERROR scheduler Skipped queueing frappe.email.doctype.email_account.email_account.pull because it was found in queue for imransite
2025-06-23 15:38:34,444 ERROR scheduler Skipped queueing frappe.model.utils.user_settings.sync_user_settings because it was found in queue for imransite
2025-06-23 15:38:34,455 ERROR scheduler Skipped queueing frappe.email.doctype.email_account.email_account.notify_unreplied because it was found in queue for imransite
2025-06-23 15:39:34,575 ERROR scheduler Skipped queueing frappe.email.doctype.newsletter.newsletter.send_scheduled_email because it was found in queue for imransite
2025-06-23 15:39:34,581 ERROR scheduler Skipped queueing frappe.automation.doctype.reminder.reminder.send_reminders because it was found in queue for imransite
2025-06-23 15:39:34,587 ERROR scheduler Skipped queueing frappe.model.utils.link_count.update_link_count because it was found in queue for imransite
2025-06-23 15:39:34,589 ERROR scheduler Skipped queueing frappe.email.queue.flush because it was found in queue for imransite
2025-06-23 15:39:34,592 ERROR scheduler Skipped queueing frappe.website.doctype.web_page.web_page.check_publish_status because it was found in queue for imransite
2025-06-23 15:39:34,594 ERROR scheduler Skipped queueing frappe.desk.form.document_follow.send_hourly_updates because it was found in queue for imransite
2025-06-23 15:39:34,601 ERROR scheduler Skipped queueing frappe.core.doctype.prepared_report.prepared_report.expire_stalled_report because it was found in queue for imransite
2025-06-23 15:39:34,605 ERROR scheduler Skipped queueing frappe.monitor.flush because it was found in queue for imransite
2025-06-23 15:39:34,607 ERROR scheduler Skipped queueing frappe.website.doctype.personal_data_deletion_request.personal_data_deletion_request.process_data_deletion_request because it was found in queue for imransite
2025-06-23 15:39:34,611 ERROR scheduler Skipped queueing frappe.model.utils.user_settings.sync_user_settings because it was found in queue for imransite
2025-06-23 15:39:34,618 ERROR scheduler Skipped queueing frappe.deferred_insert.save_to_db because it was found in queue for imransite
2025-06-23 15:39:34,620 ERROR scheduler Skipped queueing frappe.twofactor.delete_all_barcodes_for_users because it was found in queue for imransite
2025-06-23 15:39:34,622 ERROR scheduler Skipped queueing frappe.desk.page.backups.backups.delete_downloadable_backups because it was found in queue for imransite
2025-06-23 15:39:34,624 ERROR scheduler Skipped queueing frappe.email.doctype.email_account.email_account.pull because it was found in queue for imransite
2025-06-23 15:39:34,626 ERROR scheduler Skipped queueing frappe.oauth.delete_oauth2_data because it was found in queue for imransite
2025-06-23 15:39:34,628 ERROR scheduler Skipped queueing frappe.email.doctype.email_account.email_account.notify_unreplied because it was found in queue for imransite
2025-06-23 15:39:34,631 ERROR scheduler Skipped queueing frappe.utils.global_search.sync_global_search because it was found in queue for imransite
2025-06-23 15:39:34,634 ERROR scheduler Skipped queueing frappe.integrations.doctype.google_calendar.google_calendar.sync because it was found in queue for imransite
2025-06-23 15:40:34,753 ERROR scheduler Skipped queueing frappe.email.queue.flush because it was found in queue for imransite
2025-06-23 15:40:34,762 ERROR scheduler Skipped queueing frappe.email.doctype.email_account.email_account.notify_unreplied because it was found in queue for imransite
2025-06-23 15:40:34,768 ERROR scheduler Skipped queueing frappe.website.doctype.personal_data_deletion_request.personal_data_deletion_request.process_data_deletion_request because it was found in queue for imransite
2025-06-23 15:40:34,777 ERROR scheduler Skipped queueing frappe.email.doctype.email_account.email_account.pull because it was found in queue for imransite
2025-06-23 15:40:34,786 ERROR scheduler Skipped queueing frappe.integrations.doctype.google_calendar.google_calendar.sync because it was found in queue for imransite
2025-06-23 15:40:34,789 ERROR scheduler Skipped queueing frappe.model.utils.link_count.update_link_count because it was found in queue for imransite
2025-06-23 15:40:34,794 ERROR scheduler Skipped queueing frappe.oauth.delete_oauth2_data because it was found in queue for imransite
2025-06-23 15:40:34,805 ERROR scheduler Skipped queueing frappe.core.doctype.prepared_report.prepared_report.expire_stalled_report because it was found in queue for imransite
2025-06-23 15:40:34,810 ERROR scheduler Skipped queueing frappe.utils.global_search.sync_global_search because it was found in queue for imransite
2025-06-23 15:40:34,813 ERROR scheduler Skipped queueing frappe.email.doctype.newsletter.newsletter.send_scheduled_email because it was found in queue for imransite
2025-06-23 15:40:34,816 ERROR scheduler Skipped queueing frappe.twofactor.delete_all_barcodes_for_users because it was found in queue for imransite
2025-06-23 15:40:34,819 ERROR scheduler Skipped queueing frappe.monitor.flush because it was found in queue for imransite
2025-06-23 15:40:34,822 ERROR scheduler Skipped queueing frappe.model.utils.user_settings.sync_user_settings because it was found in queue for imransite
2025-06-23 15:40:34,827 ERROR scheduler Skipped queueing frappe.deferred_insert.save_to_db because it was found in queue for imransite
2025-06-23 15:40:34,832 ERROR scheduler Skipped queueing frappe.website.doctype.web_page.web_page.check_publish_status because it was found in queue for imransite
2025-06-23 15:40:34,835 ERROR scheduler Skipped queueing frappe.desk.form.document_follow.send_hourly_updates because it was found in queue for imransite
2025-06-23 15:40:34,838 ERROR scheduler Skipped queueing frappe.desk.page.backups.backups.delete_downloadable_backups because it was found in queue for imransite
2025-06-23 15:40:34,845 ERROR scheduler Skipped queueing frappe.automation.doctype.reminder.reminder.send_reminders because it was found in queue for imransite
2025-06-23 15:41:34,967 ERROR scheduler Skipped queueing frappe.core.doctype.prepared_report.prepared_report.expire_stalled_report because it was found in queue for imransite
2025-06-23 15:41:34,970 ERROR scheduler Skipped queueing frappe.desk.page.backups.backups.delete_downloadable_backups because it was found in queue for imransite
2025-06-23 15:41:34,973 ERROR scheduler Skipped queueing frappe.twofactor.delete_all_barcodes_for_users because it was found in queue for imransite
2025-06-23 15:41:34,976 ERROR scheduler Skipped queueing frappe.monitor.flush because it was found in queue for imransite
2025-06-23 15:41:34,977 ERROR scheduler Skipped queueing frappe.oauth.delete_oauth2_data because it was found in queue for imransite
2025-06-23 15:41:34,980 ERROR scheduler Skipped queueing frappe.email.doctype.email_account.email_account.notify_unreplied because it was found in queue for imransite
2025-06-23 15:41:34,986 ERROR scheduler Skipped queueing frappe.website.doctype.web_page.web_page.check_publish_status because it was found in queue for imransite
2025-06-23 15:41:34,993 ERROR scheduler Skipped queueing frappe.deferred_insert.save_to_db because it was found in queue for imransite
2025-06-23 15:41:34,995 ERROR scheduler Skipped queueing frappe.email.doctype.email_account.email_account.pull because it was found in queue for imransite
2025-06-23 15:41:35,001 ERROR scheduler Skipped queueing frappe.model.utils.link_count.update_link_count because it was found in queue for imransite
2025-06-23 15:41:35,004 ERROR scheduler Skipped queueing frappe.website.doctype.personal_data_deletion_request.personal_data_deletion_request.process_data_deletion_request because it was found in queue for imransite
2025-06-23 15:41:35,006 ERROR scheduler Skipped queueing frappe.email.doctype.newsletter.newsletter.send_scheduled_email because it was found in queue for imransite
2025-06-23 15:41:35,011 ERROR scheduler Skipped queueing frappe.model.utils.user_settings.sync_user_settings because it was found in queue for imransite
2025-06-23 15:41:35,013 ERROR scheduler Skipped queueing frappe.integrations.doctype.google_calendar.google_calendar.sync because it was found in queue for imransite
2025-06-23 15:41:35,017 ERROR scheduler Skipped queueing frappe.desk.form.document_follow.send_hourly_updates because it was found in queue for imransite
2025-06-23 15:41:35,024 ERROR scheduler Skipped queueing frappe.automation.doctype.reminder.reminder.send_reminders because it was found in queue for imransite
2025-06-23 15:41:35,026 ERROR scheduler Skipped queueing frappe.email.queue.flush because it was found in queue for imransite
2025-06-23 15:41:35,031 ERROR scheduler Skipped queueing frappe.utils.global_search.sync_global_search because it was found in queue for imransite
2025-06-23 15:42:35,140 ERROR scheduler Skipped queueing frappe.website.doctype.web_page.web_page.check_publish_status because it was found in queue for imransite
2025-06-23 15:42:35,152 ERROR scheduler Skipped queueing frappe.model.utils.link_count.update_link_count because it was found in queue for imransite
2025-06-23 15:42:35,156 ERROR scheduler Skipped queueing frappe.model.utils.user_settings.sync_user_settings because it was found in queue for imransite
2025-06-23 15:42:35,158 ERROR scheduler Skipped queueing frappe.email.doctype.email_account.email_account.notify_unreplied because it was found in queue for imransite
2025-06-23 15:42:35,162 ERROR scheduler Skipped queueing frappe.website.doctype.personal_data_deletion_request.personal_data_deletion_request.process_data_deletion_request because it was found in queue for imransite
2025-06-23 15:42:35,163 ERROR scheduler Skipped queueing frappe.desk.form.document_follow.send_hourly_updates because it was found in queue for imransite
2025-06-23 15:42:35,169 ERROR scheduler Skipped queueing frappe.integrations.doctype.google_calendar.google_calendar.sync because it was found in queue for imransite
2025-06-23 15:42:35,172 ERROR scheduler Skipped queueing frappe.utils.global_search.sync_global_search because it was found in queue for imransite
2025-06-23 15:42:35,174 ERROR scheduler Skipped queueing frappe.desk.page.backups.backups.delete_downloadable_backups because it was found in queue for imransite
2025-06-23 15:42:35,177 ERROR scheduler Skipped queueing frappe.email.doctype.email_account.email_account.pull because it was found in queue for imransite
2025-06-23 15:42:35,179 ERROR scheduler Skipped queueing frappe.core.doctype.prepared_report.prepared_report.expire_stalled_report because it was found in queue for imransite
2025-06-23 15:42:35,181 ERROR scheduler Skipped queueing frappe.oauth.delete_oauth2_data because it was found in queue for imransite
2025-06-23 15:42:35,184 ERROR scheduler Skipped queueing frappe.twofactor.delete_all_barcodes_for_users because it was found in queue for imransite
2025-06-23 15:42:35,186 ERROR scheduler Skipped queueing frappe.automation.doctype.reminder.reminder.send_reminders because it was found in queue for imransite
2025-06-23 15:42:35,190 ERROR scheduler Skipped queueing frappe.email.queue.flush because it was found in queue for imransite
2025-06-23 15:42:35,193 ERROR scheduler Skipped queueing frappe.email.doctype.newsletter.newsletter.send_scheduled_email because it was found in queue for imransite
2025-06-23 15:42:35,199 ERROR scheduler Skipped queueing frappe.deferred_insert.save_to_db because it was found in queue for imransite
2025-06-23 15:42:35,201 ERROR scheduler Skipped queueing frappe.monitor.flush because it was found in queue for imransite
2025-06-23 15:43:35,319 ERROR scheduler Skipped queueing frappe.monitor.flush because it was found in queue for imransite
2025-06-23 15:43:35,324 ERROR scheduler Skipped queueing frappe.email.queue.flush because it was found in queue for imransite
2025-06-23 15:43:35,327 ERROR scheduler Skipped queueing frappe.model.utils.link_count.update_link_count because it was found in queue for imransite
2025-06-23 15:43:35,332 ERROR scheduler Skipped queueing frappe.email.doctype.email_account.email_account.notify_unreplied because it was found in queue for imransite
2025-06-23 15:43:35,333 ERROR scheduler Skipped queueing frappe.website.doctype.web_page.web_page.check_publish_status because it was found in queue for imransite
2025-06-23 15:43:35,335 ERROR scheduler Skipped queueing frappe.email.doctype.newsletter.newsletter.send_scheduled_email because it was found in queue for imransite
2025-06-23 15:43:35,339 ERROR scheduler Skipped queueing frappe.email.doctype.email_account.email_account.pull because it was found in queue for imransite
2025-06-23 15:43:35,342 ERROR scheduler Skipped queueing frappe.model.utils.user_settings.sync_user_settings because it was found in queue for imransite
2025-06-23 15:43:35,343 ERROR scheduler Skipped queueing frappe.website.doctype.personal_data_deletion_request.personal_data_deletion_request.process_data_deletion_request because it was found in queue for imransite
2025-06-23 15:43:35,345 ERROR scheduler Skipped queueing frappe.automation.doctype.reminder.reminder.send_reminders because it was found in queue for imransite
2025-06-23 15:43:35,350 ERROR scheduler Skipped queueing frappe.twofactor.delete_all_barcodes_for_users because it was found in queue for imransite
2025-06-23 15:43:35,352 ERROR scheduler Skipped queueing frappe.desk.page.backups.backups.delete_downloadable_backups because it was found in queue for imransite
2025-06-23 15:43:35,354 ERROR scheduler Skipped queueing frappe.integrations.doctype.google_calendar.google_calendar.sync because it was found in queue for imransite
2025-06-23 15:43:35,358 ERROR scheduler Skipped queueing frappe.core.doctype.prepared_report.prepared_report.expire_stalled_report because it was found in queue for imransite
2025-06-23 15:43:35,364 ERROR scheduler Skipped queueing frappe.desk.form.document_follow.send_hourly_updates because it was found in queue for imransite
2025-06-23 15:43:35,368 ERROR scheduler Skipped queueing frappe.deferred_insert.save_to_db because it was found in queue for imransite
2025-06-23 15:43:35,369 ERROR scheduler Skipped queueing frappe.utils.global_search.sync_global_search because it was found in queue for imransite
2025-06-23 15:43:35,376 ERROR scheduler Skipped queueing frappe.oauth.delete_oauth2_data because it was found in queue for imransite
2025-06-23 15:44:35,495 ERROR scheduler Skipped queueing frappe.integrations.doctype.google_calendar.google_calendar.sync because it was found in queue for imransite
2025-06-23 15:44:35,500 ERROR scheduler Skipped queueing frappe.core.doctype.prepared_report.prepared_report.expire_stalled_report because it was found in queue for imransite
2025-06-23 15:44:35,510 ERROR scheduler Skipped queueing frappe.website.doctype.web_page.web_page.check_publish_status because it was found in queue for imransite
2025-06-23 15:44:35,513 ERROR scheduler Skipped queueing frappe.oauth.delete_oauth2_data because it was found in queue for imransite
2025-06-23 15:44:35,518 ERROR scheduler Skipped queueing frappe.email.doctype.email_account.email_account.notify_unreplied because it was found in queue for imransite
2025-06-23 15:44:35,521 ERROR scheduler Skipped queueing frappe.model.utils.link_count.update_link_count because it was found in queue for imransite
2025-06-23 15:44:35,524 ERROR scheduler Skipped queueing frappe.deferred_insert.save_to_db because it was found in queue for imransite
2025-06-23 15:44:35,527 ERROR scheduler Skipped queueing frappe.automation.doctype.reminder.reminder.send_reminders because it was found in queue for imransite
2025-06-23 15:44:35,534 ERROR scheduler Skipped queueing frappe.model.utils.user_settings.sync_user_settings because it was found in queue for imransite
2025-06-23 15:44:35,543 ERROR scheduler Skipped queueing frappe.monitor.flush because it was found in queue for imransite
2025-06-23 15:44:35,546 ERROR scheduler Skipped queueing frappe.utils.global_search.sync_global_search because it was found in queue for imransite
2025-06-23 15:44:35,551 ERROR scheduler Skipped queueing frappe.website.doctype.personal_data_deletion_request.personal_data_deletion_request.process_data_deletion_request because it was found in queue for imransite
2025-06-23 15:44:35,559 ERROR scheduler Skipped queueing frappe.desk.form.document_follow.send_hourly_updates because it was found in queue for imransite
2025-06-23 15:44:35,562 ERROR scheduler Skipped queueing frappe.desk.page.backups.backups.delete_downloadable_backups because it was found in queue for imransite
2025-06-23 15:44:35,565 ERROR scheduler Skipped queueing frappe.email.queue.flush because it was found in queue for imransite
2025-06-23 15:44:35,578 ERROR scheduler Skipped queueing frappe.email.doctype.newsletter.newsletter.send_scheduled_email because it was found in queue for imransite
2025-06-23 15:44:35,583 ERROR scheduler Skipped queueing frappe.email.doctype.email_account.email_account.pull because it was found in queue for imransite
2025-06-23 15:44:35,586 ERROR scheduler Skipped queueing frappe.twofactor.delete_all_barcodes_for_users because it was found in queue for imransite
2025-06-23 15:45:35,681 ERROR scheduler Skipped queueing frappe.oauth.delete_oauth2_data because it was found in queue for imransite
2025-06-23 15:45:35,684 ERROR scheduler Skipped queueing frappe.deferred_insert.save_to_db because it was found in queue for imransite
2025-06-23 15:45:35,686 ERROR scheduler Skipped queueing frappe.core.doctype.prepared_report.prepared_report.expire_stalled_report because it was found in queue for imransite
2025-06-23 15:45:35,691 ERROR scheduler Skipped queueing frappe.email.doctype.email_account.email_account.pull because it was found in queue for imransite
2025-06-23 15:45:35,693 ERROR scheduler Skipped queueing frappe.model.utils.user_settings.sync_user_settings because it was found in queue for imransite
2025-06-23 15:45:35,696 ERROR scheduler Skipped queueing frappe.integrations.doctype.google_calendar.google_calendar.sync because it was found in queue for imransite
2025-06-23 15:45:35,707 ERROR scheduler Skipped queueing frappe.model.utils.link_count.update_link_count because it was found in queue for imransite
2025-06-23 15:45:35,713 ERROR scheduler Skipped queueing frappe.desk.page.backups.backups.delete_downloadable_backups because it was found in queue for imransite
2025-06-23 15:45:35,715 ERROR scheduler Skipped queueing frappe.twofactor.delete_all_barcodes_for_users because it was found in queue for imransite
2025-06-23 15:45:35,717 ERROR scheduler Skipped queueing frappe.email.doctype.newsletter.newsletter.send_scheduled_email because it was found in queue for imransite
2025-06-23 15:45:35,721 ERROR scheduler Skipped queueing frappe.website.doctype.personal_data_deletion_request.personal_data_deletion_request.process_data_deletion_request because it was found in queue for imransite
2025-06-23 15:45:35,723 ERROR scheduler Skipped queueing frappe.email.queue.flush because it was found in queue for imransite
2025-06-23 15:45:35,735 ERROR scheduler Skipped queueing frappe.automation.doctype.reminder.reminder.send_reminders because it was found in queue for imransite
2025-06-23 15:45:35,741 ERROR scheduler Skipped queueing frappe.website.doctype.web_page.web_page.check_publish_status because it was found in queue for imransite
2025-06-23 15:45:35,743 ERROR scheduler Skipped queueing frappe.email.doctype.email_account.email_account.notify_unreplied because it was found in queue for imransite
2025-06-23 15:45:35,748 ERROR scheduler Skipped queueing frappe.utils.global_search.sync_global_search because it was found in queue for imransite
2025-06-23 15:45:35,750 ERROR scheduler Skipped queueing frappe.desk.form.document_follow.send_hourly_updates because it was found in queue for imransite
2025-06-23 15:45:35,754 ERROR scheduler Skipped queueing frappe.monitor.flush because it was found in queue for imransite
