set -o pipefail; /usr/bin/mariadb-dump --user=_9e699b00f2a7f104 --host=127.0.0.1 --port=3306 --password=********** --single-transaction --quick --lock-tables=false _9e699b00f2a7f104 | /usr/bin/gzip >> ./imransite/private/backups/20250514_173101-imransite-database.sql.gz

Backup Summary for imransite at 2025-05-14 17:32:27.578521
Config  : ./imransite/private/backups/20250514_173101-imransite-site_config_backup.json 94.0B
Database: ./imransite/private/backups/20250514_173101-imransite-database.sql.gz         227.2KiB
Backup for Site imransite has been successfully completed
set -o pipefail; /usr/bin/mariadb-dump --user=_9e699b00f2a7f104 --host=127.0.0.1 --port=3306 --password=********** --single-transaction --quick --lock-tables=false _9e699b00f2a7f104 | /usr/bin/gzip >> ./imransite/private/backups/20250515_113147-imransite-database.sql.gz

Backup Summary for imransite at 2025-05-15 11:33:11.629765
Config  : ./imransite/private/backups/20250515_113147-imransite-site_config_backup.json 94.0B
Database: ./imransite/private/backups/20250515_113147-imransite-database.sql.gz         227.2KiB
Backup for Site imransite has been successfully completed
set -o pipefail; /usr/bin/mariadb-dump --user=_9e699b00f2a7f104 --host=127.0.0.1 --port=3306 --password=********** --single-transaction --quick --lock-tables=false _9e699b00f2a7f104 | /usr/bin/gzip >> ./imransite/private/backups/20250516_113026-imransite-database.sql.gz

Backup Summary for imransite at 2025-05-16 11:32:11.388803
Config  : ./imransite/private/backups/20250516_113026-imransite-site_config_backup.json 94.0B
Database: ./imransite/private/backups/20250516_113026-imransite-database.sql.gz         227.2KiB
Backup for Site imransite has been successfully completed
set -o pipefail; /usr/bin/mariadb-dump --user=_9e699b00f2a7f104 --host=127.0.0.1 --port=3306 --password=********** --single-transaction --quick --lock-tables=false _9e699b00f2a7f104 | /usr/bin/gzip >> ./imransite/private/backups/20250521_173020-imransite-database.sql.gz

Backup Summary for imransite at 2025-05-21 17:31:13.614969
Config  : ./imransite/private/backups/20250521_173020-imransite-site_config_backup.json 94.0B
Database: ./imransite/private/backups/20250521_173020-imransite-database.sql.gz         227.2KiB
Backup for Site imransite has been successfully completed
set -o pipefail; /usr/bin/mariadb-dump --user=_9e699b00f2a7f104 --host=127.0.0.1 --port=3306 --password=********** --single-transaction --quick --lock-tables=false _9e699b00f2a7f104 | /usr/bin/gzip >> ./imransite/private/backups/20250522_113030-imransite-database.sql.gz

Backup Summary for imransite at 2025-05-22 11:32:10.265811
Config  : ./imransite/private/backups/20250522_113030-imransite-site_config_backup.json 94.0B
Database: ./imransite/private/backups/20250522_113030-imransite-database.sql.gz         227.2KiB
Backup for Site imransite has been successfully completed
set -o pipefail; /usr/bin/mariadb-dump --user=_9e699b00f2a7f104 --host=127.0.0.1 --port=3306 --password=********** --single-transaction --quick --lock-tables=false _9e699b00f2a7f104 | /usr/bin/gzip >> ./imransite/private/backups/20250522_173238-imransite-database.sql.gz

b"mariadb-dump: Couldn't execute 'SELECT engine, table_type FROM INFORMATION_SCHEMA.TABLES WHERE table_schema = DATABASE() AND table_name = 'tabEmail Queue'': Lost connection to server during query (2013)\n"
Backup failed for Site imransite. Database or site_config.json may be corrupted
Traceback with variables (most recent call last):
  File "apps/frappe/frappe/commands/site.py", line 843, in backup
    odb = scheduled_backup(
      context = {'sites': ['imransite'], 'force': False, 'verbose': True, 'profile': False}
      with_files = False
      backup_path = None
      backup_path_db = None
      backup_path_files = None
      backup_path_private_files = None
      backup_path_conf = None
      ignore_backup_conf = False
      verbose = True
      compress = False
      include = ''
      exclude = ''
      old_backup_metadata = False
      scheduled_backup = <function scheduled_backup at 0x7f654f510790>
      exit_code = 0
      rollback_callback = None
      site = 'imransite'
  File "apps/frappe/frappe/utils/backups.py", line 568, in scheduled_backup
    return new_backup(
      older_than = 6
      ignore_files = True
      backup_path = None
      backup_path_db = None
      backup_path_files = None
      backup_path_private_files = None
      backup_path_conf = None
      ignore_conf = False
      include_doctypes = ''
      exclude_doctypes = ''
      compress = False
      force = True
      verbose = True
      old_backup_metadata = False
      rollback_callback = <frappe.utils.CallbackManager object at 0x7f654e53a8f0>
  File "apps/frappe/frappe/utils/backups.py", line 626, in new_backup
    odb.get_backup(older_than, ignore_files, force=force)
      older_than = 6
      ignore_files = True
      backup_path = None
      backup_path_db = None
      backup_path_files = None
      backup_path_private_files = None
      backup_path_conf = None
      ignore_conf = False
      include_doctypes = ''
      exclude_doctypes = ''
      compress = False
      force = True
      verbose = True
      old_backup_metadata = False
      rollback_callback = <frappe.utils.CallbackManager object at 0x7f654e53a8f0>
      odb = <frappe.utils.backups.BackupGenerator object at 0x7f654e53a980>
  File "apps/frappe/frappe/utils/backups.py", line 195, in get_backup
    self.delete_if_step_fails(self.take_dump, self.backup_path_db)
      self = <frappe.utils.backups.BackupGenerator object at 0x7f654e53a980>
      older_than = 6
      ignore_files = True
      force = True
      last_db = False
      last_file = False
      last_private_file = False
      site_config_backup_path = False
  File "apps/frappe/frappe/utils/backups.py", line 520, in delete_if_step_fails
    raise e
      self = <frappe.utils.backups.BackupGenerator object at 0x7f654e53a980>
      step = <bound method BackupGenerator.take_dump of <frappe.utils.backups.BackupGenerator object at 0x7f654e53a980>>
      paths = ('./imransite/private/backups/20250522_173238-imransite-database.sql.gz',)
      path = './imransite/private/backups/20250522_173238-imransite-database.sql.gz'
  File "apps/frappe/frappe/utils/backups.py", line 515, in delete_if_step_fails
    step()
      self = <frappe.utils.backups.BackupGenerator object at 0x7f654e53a980>
      step = <bound method BackupGenerator.take_dump of <frappe.utils.backups.BackupGenerator object at 0x7f654e53a980>>
      paths = ('./imransite/private/backups/20250522_173238-imransite-database.sql.gz',)
      path = './imransite/private/backups/20250522_173238-imransite-database.sql.gz'
  File "apps/frappe/frappe/utils/backups.py", line 468, in take_dump
    frappe.utils.execute_in_shell(command, low_priority=True, check_exit_code=True)
      shlex = <module 'shlex' from '/usr/lib/python3.10/shlex.py'>
      frappe = <module 'frappe' from 'apps/frappe/frappe/__init__.py'>
      get_app_branch = <function get_app_branch at 0x7f654d3f1ab0>
      gzip_exc = '/usr/bin/gzip'
      database_header_content = ['begin frappe metadata', '[frappe]', 'version = 15.68.1', 'branch = version-15', 'end frappe metadata', '']
      generated_header = '-- begin frappe metadata\n-- [frappe]\n-- version = 15.68.1\n-- branch = version-15\n-- end frappe metadata\n-- \n'
      f = <_io.TextIOWrapper name='./imransite/private/backups/20250522_173238-imransite-database.sql.gz' encoding='UTF-8'>
      cmd = ['/usr/bin/mariadb-dump', '--user=_9e699b00f2a7f104 --host=127.0.0.1 --port=3306 --password=0qvkfr6dusHB7k64 --single-transaction --quick --lock-tables=false _9e699b00f2a7f104']
      extra = []
      get_command = <function get_command at 0x7f654e5b96c0>
      bin = '/usr/bin/mariadb-dump'
      args = ['--user=_9e699b00f2a7f104', '--host=127.0.0.1', '--port=3306', '--password=0qvkfr6dusHB7k64', '--single-transaction', '--quick', '--lock-tables=false', '_9e699b00f2a7f104']
      bin_name = 'mariadb-dump'
      command = 'set -o pipefail; /usr/bin/mariadb-dump --user=_9e699b00f2a7f104 --host=127.0.0.1 --port=3306 --password=0qvkfr6dusHB7k64 --single-transaction --quick --lock-tables=false _9e699b00f2a7f104 | /usr/bin/gzip >> ./imransite/private/backups/20250522_173238-imransite-database.sql.gz'
      self = <frappe.utils.backups.BackupGenerator object at 0x7f654e53a980>
  File "apps/frappe/frappe/utils/__init__.py", line 484, in execute_in_shell
    raise frappe.CommandFailedError(
      cmd = 'set -o pipefail; /usr/bin/mariadb-dump --user=_9e699b00f2a7f104 --host=127.0.0.1 --port=3306 --password=0qvkfr6dusHB7k64 --single-transaction --quick --lock-tables=false _9e699b00f2a7f104 | /usr/bin/gzip >> ./imransite/private/backups/20250522_173238-imransite-database.sql.gz'
      verbose = False
      low_priority = True
      check_exit_code = True
      shlex = <module 'shlex' from '/usr/lib/python3.10/shlex.py'>
      tempfile = <module 'tempfile' from '/usr/lib/python3.10/tempfile.py'>
      Popen = <class 'subprocess.Popen'>
      stdout = <_io.BufferedRandom name=6>
      stderr = <_io.BufferedRandom name=7>
      kwargs = <exception while printing> Traceback (most recent call last):
          File "env/lib/python3.10/site-packages/traceback_with_variables/core.py", line 222, in _to_cropped_str
            raw = print_(obj)
          File "apps/frappe/frappe/utils/__init__.py", line 326, in dict_printer
            v = deepcopy(v)
          File "/usr/lib/python3.10/copy.py", line 146, in deepcopy
            y = copier(x, memo)
          File "/usr/lib/python3.10/copy.py", line 231, in _deepcopy_dict
            y[deepcopy(key, memo)] = deepcopy(value, memo)
          File "/usr/lib/python3.10/copy.py", line 161, in deepcopy
            rv = reductor(4)
        TypeError: cannot pickle '_io.BufferedRandom' object
        
      p = <Popen: returncode: 2 args: 'set -o pipefail; /usr/bin/mariadb-dump --user=_...>
      exit_code = 2
      out = b''
      err = b"mariadb-dump: Couldn't execute 'SELECT engine, table_type FROM INFORMATION_SCHEMA.TABLES WHERE table_schema = DATABASE() AND table_name = 'tabEmail Queue'': Lost connection to server during query (2013)\n"
      failed = 2
frappe.exceptions.CommandFailedError: Command failed
set -o pipefail; /usr/bin/mariadb-dump --user=_9e699b00f2a7f104 --host=127.0.0.1 --port=3306 --password=********** --single-transaction --quick --lock-tables=false _9e699b00f2a7f104 | /usr/bin/gzip >> ./imransite/private/backups/20250523_173025-imransite-database.sql.gz

Backup Summary for imransite at 2025-05-23 17:32:48.260735
Config  : ./imransite/private/backups/20250523_173025-imransite-site_config_backup.json 94.0B
Database: ./imransite/private/backups/20250523_173025-imransite-database.sql.gz         236.3KiB
Backup for Site imransite has been successfully completed
set -o pipefail; /usr/bin/mariadb-dump --user=_9e699b00f2a7f104 --host=127.0.0.1 --port=3306 --password=********** --single-transaction --quick --lock-tables=false _9e699b00f2a7f104 | /usr/bin/gzip >> ./imransite/private/backups/20250524_113025-imransite-database.sql.gz

Backup Summary for imransite at 2025-05-24 11:31:23.760776
Config  : ./imransite/private/backups/20250524_113025-imransite-site_config_backup.json 94.0B
Database: ./imransite/private/backups/20250524_113025-imransite-database.sql.gz         241.3KiB
Backup for Site imransite has been successfully completed
set -o pipefail; /usr/bin/mariadb-dump --user=_9e699b00f2a7f104 --host=127.0.0.1 --port=3306 --password=********** --single-transaction --quick --lock-tables=false _9e699b00f2a7f104 | /usr/bin/gzip >> ./imransite/private/backups/20250524_173022-imransite-database.sql.gz

Backup Summary for imransite at 2025-05-24 17:34:08.572343
Config  : ./imransite/private/backups/20250524_173022-imransite-site_config_backup.json 161.0B
Database: ./imransite/private/backups/20250524_173022-imransite-database.sql.gz         253.7KiB
Backup for Site imransite has been successfully completed
set -o pipefail; /usr/bin/mariadb-dump --user=_9e699b00f2a7f104 --host=127.0.0.1 --port=3306 --password=********** --single-transaction --quick --lock-tables=false _9e699b00f2a7f104 | /usr/bin/gzip >> ./imransite/private/backups/20250526_113024-imransite-database.sql.gz

Backup Summary for imransite at 2025-05-26 11:31:14.524584
Config  : ./imransite/private/backups/20250526_113024-imransite-site_config_backup.json 161.0B
Database: ./imransite/private/backups/20250526_113024-imransite-database.sql.gz         256.1KiB
Backup for Site imransite has been successfully completed
set -o pipefail; /usr/bin/mariadb-dump --user=_9e699b00f2a7f104 --host=127.0.0.1 --port=3306 --password=********** --single-transaction --quick --lock-tables=false _9e699b00f2a7f104 | /usr/bin/gzip >> ./imransite/private/backups/20250526_173018-imransite-database.sql.gz

Backup Summary for imransite at 2025-05-26 17:32:12.542494
Config  : ./imransite/private/backups/20250526_173018-imransite-site_config_backup.json 161.0B
Database: ./imransite/private/backups/20250526_173018-imransite-database.sql.gz         281.3KiB
Backup for Site imransite has been successfully completed
set -o pipefail; /usr/bin/mariadb-dump --user=_9e699b00f2a7f104 --host=127.0.0.1 --port=3306 --password=********** --single-transaction --quick --lock-tables=false _9e699b00f2a7f104 | /usr/bin/gzip >> ./imransite/private/backups/20250527_113103-imransite-database.sql.gz

Backup Summary for imransite at 2025-05-27 11:32:44.464595
Config  : ./imransite/private/backups/20250527_113103-imransite-site_config_backup.json 161.0B
Database: ./imransite/private/backups/20250527_113103-imransite-database.sql.gz         289.1KiB
Backup for Site imransite has been successfully completed
set -o pipefail; /usr/bin/mariadb-dump --user=_9e699b00f2a7f104 --host=127.0.0.1 --port=3306 --password=********** --single-transaction --quick --lock-tables=false _9e699b00f2a7f104 | /usr/bin/gzip >> ./imransite/private/backups/20250527_173014-imransite-database.sql.gz

Backup Summary for imransite at 2025-05-27 17:31:50.341525
Config  : ./imransite/private/backups/20250527_173014-imransite-site_config_backup.json 161.0B
Database: ./imransite/private/backups/20250527_173014-imransite-database.sql.gz         316.9KiB
Backup for Site imransite has been successfully completed
set -o pipefail; /usr/bin/mariadb-dump --user=_9e699b00f2a7f104 --host=127.0.0.1 --port=3306 --password=********** --single-transaction --quick --lock-tables=false _9e699b00f2a7f104 | /usr/bin/gzip >> ./imransite/private/backups/20250528_113021-imransite-database.sql.gz

Backup Summary for imransite at 2025-05-28 11:32:10.932082
Config  : ./imransite/private/backups/20250528_113021-imransite-site_config_backup.json 161.0B
Database: ./imransite/private/backups/20250528_113021-imransite-database.sql.gz         375.2KiB
Backup for Site imransite has been successfully completed
set -o pipefail; /usr/bin/mariadb-dump --user=_9e699b00f2a7f104 --host=127.0.0.1 --port=3306 --password=********** --single-transaction --quick --lock-tables=false _9e699b00f2a7f104 | /usr/bin/gzip >> ./imransite/private/backups/20250528_173028-imransite-database.sql.gz

Backup Summary for imransite at 2025-05-28 17:34:34.184671
Config  : ./imransite/private/backups/20250528_173028-imransite-site_config_backup.json 161.0B
Database: ./imransite/private/backups/20250528_173028-imransite-database.sql.gz         398.6KiB
Backup for Site imransite has been successfully completed
set -o pipefail; /usr/bin/mariadb-dump --user=_9e699b00f2a7f104 --host=127.0.0.1 --port=3306 --password=********** --single-transaction --quick --lock-tables=false _9e699b00f2a7f104 | /usr/bin/gzip >> ./imransite/private/backups/20250529_113047-imransite-database.sql.gz

Backup Summary for imransite at 2025-05-29 11:32:06.230011
Config  : ./imransite/private/backups/20250529_113047-imransite-site_config_backup.json 161.0B
Database: ./imransite/private/backups/20250529_113047-imransite-database.sql.gz         402.7KiB
Backup for Site imransite has been successfully completed
set -o pipefail; /usr/bin/mariadb-dump --user=_9e699b00f2a7f104 --host=127.0.0.1 --port=3306 --password=********** --single-transaction --quick --lock-tables=false _9e699b00f2a7f104 | /usr/bin/gzip >> ./imransite/private/backups/20250529_173028-imransite-database.sql.gz

Backup Summary for imransite at 2025-05-29 17:32:46.474248
Config  : ./imransite/private/backups/20250529_173028-imransite-site_config_backup.json 161.0B
Database: ./imransite/private/backups/20250529_173028-imransite-database.sql.gz         408.7KiB
Backup for Site imransite has been successfully completed
set -o pipefail; /usr/bin/mariadb-dump --user=_9e699b00f2a7f104 --host=127.0.0.1 --port=3306 --password=********** --single-transaction --quick --lock-tables=false _9e699b00f2a7f104 | /usr/bin/gzip >> ./imransite/private/backups/20250530_113043-imransite-database.sql.gz

Backup Summary for imransite at 2025-05-30 11:32:54.238220
Config  : ./imransite/private/backups/20250530_113043-imransite-site_config_backup.json 161.0B
Database: ./imransite/private/backups/20250530_113043-imransite-database.sql.gz         415.3KiB
Backup for Site imransite has been successfully completed
set -o pipefail; /usr/bin/mariadb-dump --user=_9e699b00f2a7f104 --host=127.0.0.1 --port=3306 --password=********** --single-transaction --quick --lock-tables=false _9e699b00f2a7f104 | /usr/bin/gzip >> ./imransite/private/backups/20250530_173021-imransite-database.sql.gz

Backup Summary for imransite at 2025-05-30 17:32:35.648154
Config  : ./imransite/private/backups/20250530_173021-imransite-site_config_backup.json 161.0B
Database: ./imransite/private/backups/20250530_173021-imransite-database.sql.gz         422.3KiB
Backup for Site imransite has been successfully completed
set -o pipefail; /usr/bin/mariadb-dump --user=_9e699b00f2a7f104 --host=127.0.0.1 --port=3306 --password=********** --single-transaction --quick --lock-tables=false _9e699b00f2a7f104 | /usr/bin/gzip >> ./imransite/private/backups/20250531_113037-imransite-database.sql.gz

Backup Summary for imransite at 2025-05-31 11:31:32.400403
Config  : ./imransite/private/backups/20250531_113037-imransite-site_config_backup.json 161.0B
Database: ./imransite/private/backups/20250531_113037-imransite-database.sql.gz         425.5KiB
Backup for Site imransite has been successfully completed
set -o pipefail; /usr/bin/mariadb-dump --user=_9e699b00f2a7f104 --host=127.0.0.1 --port=3306 --password=********** --single-transaction --quick --lock-tables=false _9e699b00f2a7f104 | /usr/bin/gzip >> ./imransite/private/backups/20250531_173027-imransite-database.sql.gz

Backup Summary for imransite at 2025-05-31 17:33:00.777793
Config  : ./imransite/private/backups/20250531_173027-imransite-site_config_backup.json 161.0B
Database: ./imransite/private/backups/20250531_173027-imransite-database.sql.gz         427.8KiB
Backup for Site imransite has been successfully completed
set -o pipefail; /usr/bin/mariadb-dump --user=_9e699b00f2a7f104 --host=127.0.0.1 --port=3306 --password=********** --single-transaction --quick --lock-tables=false _9e699b00f2a7f104 | /usr/bin/gzip >> ./imransite/private/backups/20250602_113009-imransite-database.sql.gz

Backup Summary for imransite at 2025-06-02 11:30:12.648733
Config  : ./imransite/private/backups/20250602_113009-imransite-site_config_backup.json 161.0B
Database: ./imransite/private/backups/20250602_113009-imransite-database.sql.gz         426.5KiB
Backup for Site imransite has been successfully completed
set -o pipefail; /usr/bin/mariadb-dump --user=_9e699b00f2a7f104 --host=127.0.0.1 --port=3306 --password=********** --single-transaction --quick --lock-tables=false _9e699b00f2a7f104 | /usr/bin/gzip >> ./imransite/private/backups/20250602_173019-imransite-database.sql.gz

Backup Summary for imransite at 2025-06-02 17:32:14.888281
Config  : ./imransite/private/backups/20250602_173019-imransite-site_config_backup.json 161.0B
Database: ./imransite/private/backups/20250602_173019-imransite-database.sql.gz         431.0KiB
Backup for Site imransite has been successfully completed
set -o pipefail; /usr/bin/mariadb-dump --user=_9e699b00f2a7f104 --host=127.0.0.1 --port=3306 --password=********** --single-transaction --quick --lock-tables=false _9e699b00f2a7f104 | /usr/bin/gzip >> ./imransite/private/backups/20250603_113025-imransite-database.sql.gz

Backup Summary for imransite at 2025-06-03 11:31:23.430355
Config  : ./imransite/private/backups/20250603_113025-imransite-site_config_backup.json 161.0B
Database: ./imransite/private/backups/20250603_113025-imransite-database.sql.gz         435.9KiB
Backup for Site imransite has been successfully completed
set -o pipefail; /usr/bin/mariadb-dump --user=_9e699b00f2a7f104 --host=127.0.0.1 --port=3306 --password=********** --single-transaction --quick --lock-tables=false _9e699b00f2a7f104 | /usr/bin/gzip >> ./imransite/private/backups/20250603_173016-imransite-database.sql.gz

Backup Summary for imransite at 2025-06-03 17:30:35.966755
Config  : ./imransite/private/backups/20250603_173016-imransite-site_config_backup.json 161.0B
Database: ./imransite/private/backups/20250603_173016-imransite-database.sql.gz         442.0KiB
Backup for Site imransite has been successfully completed
set -o pipefail; /usr/bin/mariadb-dump --user=_9e699b00f2a7f104 --host=127.0.0.1 --port=3306 --password=********** --single-transaction --quick --lock-tables=false _9e699b00f2a7f104 | /usr/bin/gzip >> ./imransite/private/backups/20250604_113024-imransite-database.sql.gz

Backup Summary for imransite at 2025-06-04 11:31:23.813318
Config  : ./imransite/private/backups/20250604_113024-imransite-site_config_backup.json 161.0B
Database: ./imransite/private/backups/20250604_113024-imransite-database.sql.gz         449.6KiB
Backup for Site imransite has been successfully completed
set -o pipefail; /usr/bin/mariadb-dump --user=_9e699b00f2a7f104 --host=127.0.0.1 --port=3306 --password=********** --single-transaction --quick --lock-tables=false _9e699b00f2a7f104 | /usr/bin/gzip >> ./imransite/private/backups/20250604_173026-imransite-database.sql.gz

Backup Summary for imransite at 2025-06-04 17:43:51.409821
Config  : ./imransite/private/backups/20250604_173026-imransite-site_config_backup.json 161.0B
Database: ./imransite/private/backups/20250604_173026-imransite-database.sql.gz         449.9KiB
Backup for Site imransite has been successfully completed
set -o pipefail; /usr/bin/mariadb-dump --user=_9e699b00f2a7f104 --host=127.0.0.1 --port=3306 --password=********** --single-transaction --quick --lock-tables=false _9e699b00f2a7f104 | /usr/bin/gzip >> ./imransite/private/backups/20250605_113028-imransite-database.sql.gz

Backup Summary for imransite at 2025-06-05 11:31:53.214782
Config  : ./imransite/private/backups/20250605_113028-imransite-site_config_backup.json 161.0B
Database: ./imransite/private/backups/20250605_113028-imransite-database.sql.gz         457.3KiB
Backup for Site imransite has been successfully completed
set -o pipefail; /usr/bin/mariadb-dump --user=_9e699b00f2a7f104 --host=127.0.0.1 --port=3306 --password=********** --single-transaction --quick --lock-tables=false _9e699b00f2a7f104 | /usr/bin/gzip >> ./imransite/private/backups/20250605_173017-imransite-database.sql.gz

Backup Summary for imransite at 2025-06-05 17:32:10.776430
Config  : ./imransite/private/backups/20250605_173017-imransite-site_config_backup.json 161.0B
Database: ./imransite/private/backups/20250605_173017-imransite-database.sql.gz         457.0KiB
Backup for Site imransite has been successfully completed
set -o pipefail; /usr/bin/mariadb-dump --user=_9e699b00f2a7f104 --host=127.0.0.1 --port=3306 --password=********** --single-transaction --quick --lock-tables=false _9e699b00f2a7f104 | /usr/bin/gzip >> ./imransite/private/backups/20250606_113042-imransite-database.sql.gz

Backup Summary for imransite at 2025-06-06 11:32:11.868779
Config  : ./imransite/private/backups/20250606_113042-imransite-site_config_backup.json 161.0B
Database: ./imransite/private/backups/20250606_113042-imransite-database.sql.gz         461.6KiB
Backup for Site imransite has been successfully completed
set -o pipefail; /usr/bin/mariadb-dump --user=_9e699b00f2a7f104 --host=127.0.0.1 --port=3306 --password=********** --single-transaction --quick --lock-tables=false _9e699b00f2a7f104 | /usr/bin/gzip >> ./imransite/private/backups/20250606_173029-imransite-database.sql.gz

Backup Summary for imransite at 2025-06-06 17:33:20.778486
Config  : ./imransite/private/backups/20250606_173029-imransite-site_config_backup.json 161.0B
Database: ./imransite/private/backups/20250606_173029-imransite-database.sql.gz         466.6KiB
Backup for Site imransite has been successfully completed
set -o pipefail; /usr/bin/mariadb-dump --user=_9e699b00f2a7f104 --host=127.0.0.1 --port=3306 --password=********** --single-transaction --quick --lock-tables=false _9e699b00f2a7f104 | /usr/bin/gzip >> ./imransite/private/backups/20250607_173052-imransite-database.sql.gz

Backup Summary for imransite at 2025-06-07 17:32:16.873431
Config  : ./imransite/private/backups/20250607_173052-imransite-site_config_backup.json 161.0B
Database: ./imransite/private/backups/20250607_173052-imransite-database.sql.gz         469.2KiB
Backup for Site imransite has been successfully completed
set -o pipefail; /usr/bin/mariadb-dump --user=_9e699b00f2a7f104 --host=127.0.0.1 --port=3306 --password=********** --single-transaction --quick --lock-tables=false _9e699b00f2a7f104 | /usr/bin/gzip >> ./imransite/private/backups/20250609_113042-imransite-database.sql.gz

Backup Summary for imransite at 2025-06-09 11:32:31.329113
Config  : ./imransite/private/backups/20250609_113042-imransite-site_config_backup.json 161.0B
Database: ./imransite/private/backups/20250609_113042-imransite-database.sql.gz         454.1KiB
Backup for Site imransite has been successfully completed
set -o pipefail; /usr/bin/mariadb-dump --user=_9e699b00f2a7f104 --host=127.0.0.1 --port=3306 --password=********** --single-transaction --quick --lock-tables=false _9e699b00f2a7f104 | /usr/bin/gzip >> ./imransite/private/backups/20250609_173019-imransite-database.sql.gz

Backup Summary for imransite at 2025-06-09 17:31:46.811226
Config  : ./imransite/private/backups/20250609_173019-imransite-site_config_backup.json 161.0B
Database: ./imransite/private/backups/20250609_173019-imransite-database.sql.gz         458.9KiB
Backup for Site imransite has been successfully completed
set -o pipefail; /usr/bin/mariadb-dump --user=_9e699b00f2a7f104 --host=127.0.0.1 --port=3306 --password=********** --single-transaction --quick --lock-tables=false _9e699b00f2a7f104 | /usr/bin/gzip >> ./imransite/private/backups/20250610_113027-imransite-database.sql.gz

Backup Summary for imransite at 2025-06-10 11:32:32.401156
Config  : ./imransite/private/backups/20250610_113027-imransite-site_config_backup.json 161.0B
Database: ./imransite/private/backups/20250610_113027-imransite-database.sql.gz         462.2KiB
Backup for Site imransite has been successfully completed
set -o pipefail; /usr/bin/mariadb-dump --user=_9e699b00f2a7f104 --host=127.0.0.1 --port=3306 --password=********** --single-transaction --quick --lock-tables=false _9e699b00f2a7f104 | /usr/bin/gzip >> ./imransite/private/backups/20250610_173046-imransite-database.sql.gz

Backup Summary for imransite at 2025-06-10 17:34:25.741608
Config  : ./imransite/private/backups/20250610_173046-imransite-site_config_backup.json 161.0B
Database: ./imransite/private/backups/20250610_173046-imransite-database.sql.gz         451.0KiB
Backup for Site imransite has been successfully completed
set -o pipefail; /usr/bin/mariadb-dump --user=_9e699b00f2a7f104 --host=127.0.0.1 --port=3306 --password=********** --single-transaction --quick --lock-tables=false _9e699b00f2a7f104 | /usr/bin/gzip >> ./imransite/private/backups/20250611_113025-imransite-database.sql.gz

Backup Summary for imransite at 2025-06-11 11:32:13.761972
Config  : ./imransite/private/backups/20250611_113025-imransite-site_config_backup.json 161.0B
Database: ./imransite/private/backups/20250611_113025-imransite-database.sql.gz         385.1KiB
Backup for Site imransite has been successfully completed
set -o pipefail; /usr/bin/mariadb-dump --user=_9e699b00f2a7f104 --host=127.0.0.1 --port=3306 --password=********** --single-transaction --quick --lock-tables=false _9e699b00f2a7f104 | /usr/bin/gzip >> ./imransite/private/backups/20250611_173429-imransite-database.sql.gz

Backup Summary for imransite at 2025-06-11 17:37:35.967996
Config  : ./imransite/private/backups/20250611_173429-imransite-site_config_backup.json 161.0B
Database: ./imransite/private/backups/20250611_173429-imransite-database.sql.gz         395.2KiB
Backup for Site imransite has been successfully completed
set -o pipefail; /usr/bin/mariadb-dump --user=_9e699b00f2a7f104 --host=127.0.0.1 --port=3306 --password=********** --single-transaction --quick --lock-tables=false _9e699b00f2a7f104 | /usr/bin/gzip >> ./imransite/private/backups/20250612_113035-imransite-database.sql.gz

Backup Summary for imransite at 2025-06-12 11:34:04.504988
Config  : ./imransite/private/backups/20250612_113035-imransite-site_config_backup.json 161.0B
Database: ./imransite/private/backups/20250612_113035-imransite-database.sql.gz         377.9KiB
Backup for Site imransite has been successfully completed
set -o pipefail; /usr/bin/mariadb-dump --user=_9e699b00f2a7f104 --host=127.0.0.1 --port=3306 --password=********** --single-transaction --quick --lock-tables=false _9e699b00f2a7f104 | /usr/bin/gzip >> ./imransite/private/backups/20250612_173308-imransite-database.sql.gz

Backup Summary for imransite at 2025-06-12 17:44:34.601976
Config  : ./imransite/private/backups/20250612_173308-imransite-site_config_backup.json 161.0B
Database: ./imransite/private/backups/20250612_173308-imransite-database.sql.gz         390.6KiB
Backup for Site imransite has been successfully completed
set -o pipefail; /usr/bin/mariadb-dump --user=_9e699b00f2a7f104 --host=127.0.0.1 --port=3306 --password=********** --single-transaction --quick --lock-tables=false _9e699b00f2a7f104 | /usr/bin/gzip >> ./imransite/private/backups/20250614_113045-imransite-database.sql.gz

Backup Summary for imransite at 2025-06-14 11:32:12.569147
Config  : ./imransite/private/backups/20250614_113045-imransite-site_config_backup.json 161.0B
Database: ./imransite/private/backups/20250614_113045-imransite-database.sql.gz         411.8KiB
Backup for Site imransite has been successfully completed
set -o pipefail; /usr/bin/mariadb-dump --user=_9e699b00f2a7f104 --host=127.0.0.1 --port=3306 --password=********** --single-transaction --quick --lock-tables=false _9e699b00f2a7f104 | /usr/bin/gzip >> ./imransite/private/backups/20250614_173028-imransite-database.sql.gz

Backup Summary for imransite at 2025-06-14 17:31:36.541949
Config  : ./imransite/private/backups/20250614_173028-imransite-site_config_backup.json 161.0B
Database: ./imransite/private/backups/20250614_173028-imransite-database.sql.gz         411.8KiB
Backup for Site imransite has been successfully completed
set -o pipefail; /usr/bin/mariadb-dump --user=_9e699b00f2a7f104 --host=127.0.0.1 --port=3306 --password=********** --single-transaction --quick --lock-tables=false _9e699b00f2a7f104 | /usr/bin/gzip >> ./imransite/private/backups/20250616_113106-imransite-database.sql.gz

Backup Summary for imransite at 2025-06-16 11:32:29.098879
Config  : ./imransite/private/backups/20250616_113106-imransite-site_config_backup.json 161.0B
Database: ./imransite/private/backups/20250616_113106-imransite-database.sql.gz         411.8KiB
Backup for Site imransite has been successfully completed
set -o pipefail; /usr/bin/mariadb-dump --user=_9e699b00f2a7f104 --host=127.0.0.1 --port=3306 --password=********** --single-transaction --quick --lock-tables=false _9e699b00f2a7f104 | /usr/bin/gzip >> ./imransite/private/backups/20250616_173026-imransite-database.sql.gz

Backup Summary for imransite at 2025-06-16 17:33:49.490686
Config  : ./imransite/private/backups/20250616_173026-imransite-site_config_backup.json 161.0B
Database: ./imransite/private/backups/20250616_173026-imransite-database.sql.gz         416.3KiB
Backup for Site imransite has been successfully completed
set -o pipefail; /usr/bin/mariadb-dump --user=_9e699b00f2a7f104 --host=127.0.0.1 --port=3306 --password=********** --single-transaction --quick --lock-tables=false _9e699b00f2a7f104 | /usr/bin/gzip >> ./imransite/private/backups/20250617_113037-imransite-database.sql.gz

Backup Summary for imransite at 2025-06-17 11:32:01.074222
Config  : ./imransite/private/backups/20250617_113037-imransite-site_config_backup.json 161.0B
Database: ./imransite/private/backups/20250617_113037-imransite-database.sql.gz         424.4KiB
Backup for Site imransite has been successfully completed
set -o pipefail; /usr/bin/mariadb-dump --user=_9e699b00f2a7f104 --host=127.0.0.1 --port=3306 --password=********** --single-transaction --quick --lock-tables=false _9e699b00f2a7f104 | /usr/bin/gzip >> ./imransite/private/backups/20250617_173102-imransite-database.sql.gz

Backup Summary for imransite at 2025-06-17 17:32:43.715107
Config  : ./imransite/private/backups/20250617_173102-imransite-site_config_backup.json 161.0B
Database: ./imransite/private/backups/20250617_173102-imransite-database.sql.gz         424.4KiB
Backup for Site imransite has been successfully completed
set -o pipefail; /usr/bin/mariadb-dump --user=_9e699b00f2a7f104 --host=127.0.0.1 --port=3306 --password=********** --single-transaction --quick --lock-tables=false _9e699b00f2a7f104 | /usr/bin/gzip >> ./imransite/private/backups/20250618_173019-imransite-database.sql.gz

Backup Summary for imransite at 2025-06-18 17:32:18.374893
Config  : ./imransite/private/backups/20250618_173019-imransite-site_config_backup.json 161.0B
Database: ./imransite/private/backups/20250618_173019-imransite-database.sql.gz         403.3KiB
Backup for Site imransite has been successfully completed
set -o pipefail; /usr/bin/mariadb-dump --user=_9e699b00f2a7f104 --host=127.0.0.1 --port=3306 --password=********** --single-transaction --quick --lock-tables=false _9e699b00f2a7f104 | /usr/bin/gzip >> ./imransite/private/backups/20250619_113026-imransite-database.sql.gz

Backup Summary for imransite at 2025-06-19 11:31:25.593784
Config  : ./imransite/private/backups/20250619_113026-imransite-site_config_backup.json 161.0B
Database: ./imransite/private/backups/20250619_113026-imransite-database.sql.gz         423.0KiB
Backup for Site imransite has been successfully completed
set -o pipefail; /usr/bin/mariadb-dump --user=_9e699b00f2a7f104 --host=127.0.0.1 --port=3306 --password=********** --single-transaction --quick --lock-tables=false _9e699b00f2a7f104 | /usr/bin/gzip >> ./imransite/private/backups/20250619_173036-imransite-database.sql.gz

Backup Summary for imransite at 2025-06-19 17:32:05.601631
Config  : ./imransite/private/backups/20250619_173036-imransite-site_config_backup.json 161.0B
Database: ./imransite/private/backups/20250619_173036-imransite-database.sql.gz         423.0KiB
Backup for Site imransite has been successfully completed
set -o pipefail; /usr/bin/mariadb-dump --user=_9e699b00f2a7f104 --host=127.0.0.1 --port=3306 --password=********** --single-transaction --quick --lock-tables=false _9e699b00f2a7f104 | /usr/bin/gzip >> ./imransite/private/backups/20250620_113025-imransite-database.sql.gz

Backup Summary for imransite at 2025-06-20 11:31:28.649098
Config  : ./imransite/private/backups/20250620_113025-imransite-site_config_backup.json 161.0B
Database: ./imransite/private/backups/20250620_113025-imransite-database.sql.gz         423.1KiB
Backup for Site imransite has been successfully completed
set -o pipefail; /usr/bin/mariadb-dump --user=_9e699b00f2a7f104 --host=127.0.0.1 --port=3306 --password=********** --single-transaction --quick --lock-tables=false _9e699b00f2a7f104 | /usr/bin/gzip >> ./imransite/private/backups/20250620_173020-imransite-database.sql.gz

Backup Summary for imransite at 2025-06-20 17:32:12.526977
Config  : ./imransite/private/backups/20250620_173020-imransite-site_config_backup.json 161.0B
Database: ./imransite/private/backups/20250620_173020-imransite-database.sql.gz         418.8KiB
Backup for Site imransite has been successfully completed
set -o pipefail; /usr/bin/mariadb-dump --user=_9e699b00f2a7f104 --host=127.0.0.1 --port=3306 --password=********** --single-transaction --quick --lock-tables=false _9e699b00f2a7f104 | /usr/bin/gzip >> ./imransite/private/backups/20250621_113126-imransite-database.sql.gz

Backup Summary for imransite at 2025-06-21 11:33:17.725341
Config  : ./imransite/private/backups/20250621_113126-imransite-site_config_backup.json 161.0B
Database: ./imransite/private/backups/20250621_113126-imransite-database.sql.gz         422.2KiB
Backup for Site imransite has been successfully completed
set -o pipefail; /usr/bin/mariadb-dump --user=_9e699b00f2a7f104 --host=127.0.0.1 --port=3306 --password=********** --single-transaction --quick --lock-tables=false _9e699b00f2a7f104 | /usr/bin/gzip >> ./imransite/private/backups/20250623_113032-imransite-database.sql.gz

Backup Summary for imransite at 2025-06-23 11:31:47.595947
Config  : ./imransite/private/backups/20250623_113032-imransite-site_config_backup.json 161.0B
Database: ./imransite/private/backups/20250623_113032-imransite-database.sql.gz         418.7KiB
Backup for Site imransite has been successfully completed
set -o pipefail; /usr/bin/mariadb-dump --user=_9e699b00f2a7f104 --host=127.0.0.1 --port=3306 --password=********** --single-transaction --quick --lock-tables=false _9e699b00f2a7f104 | /usr/bin/gzip >> ./imransite/private/backups/20250623_173702-imransite-database.sql.gz

Backup Summary for imransite at 2025-06-23 17:42:58.668067
Config  : ./imransite/private/backups/20250623_173702-imransite-site_config_backup.json 161.0B
Database: ./imransite/private/backups/20250623_173702-imransite-database.sql.gz         429.6KiB
Backup for Site imransite has been successfully completed
set -o pipefail; /usr/bin/mariadb-dump --user=_9e699b00f2a7f104 --host=127.0.0.1 --port=3306 --password=********** --single-transaction --quick --lock-tables=false _9e699b00f2a7f104 | /usr/bin/gzip >> ./imransite/private/backups/20250624_113125-imransite-database.sql.gz

Backup Summary for imransite at 2025-06-24 11:34:04.174536
Config  : ./imransite/private/backups/20250624_113125-imransite-site_config_backup.json 161.0B
Database: ./imransite/private/backups/20250624_113125-imransite-database.sql.gz         449.5KiB
Backup for Site imransite has been successfully completed
set -o pipefail; /usr/bin/mariadb-dump --user=_9e699b00f2a7f104 --host=127.0.0.1 --port=3306 --password=********** --single-transaction --quick --lock-tables=false _9e699b00f2a7f104 | /usr/bin/gzip >> ./imransite/private/backups/20250624_173300-imransite-database.sql.gz

Backup Summary for imransite at 2025-06-24 17:48:10.071591
Config  : ./imransite/private/backups/20250624_173300-imransite-site_config_backup.json 161.0B
Database: ./imransite/private/backups/20250624_173300-imransite-database.sql.gz         449.5KiB
Backup for Site imransite has been successfully completed
set -o pipefail; /usr/bin/mariadb-dump --user=_9e699b00f2a7f104 --host=127.0.0.1 --port=3306 --password=********** --single-transaction --quick --lock-tables=false _9e699b00f2a7f104 | /usr/bin/gzip >> ./imransite/private/backups/20250625_113025-imransite-database.sql.gz

Backup Summary for imransite at 2025-06-25 11:31:25.344830
Config  : ./imransite/private/backups/20250625_113025-imransite-site_config_backup.json 161.0B
Database: ./imransite/private/backups/20250625_113025-imransite-database.sql.gz         448.4KiB
Backup for Site imransite has been successfully completed
set -o pipefail; /usr/bin/mariadb-dump --user=_9e699b00f2a7f104 --host=127.0.0.1 --port=3306 --password=********** --single-transaction --quick --lock-tables=false _9e699b00f2a7f104 | /usr/bin/gzip >> ./imransite/private/backups/20250625_173042-imransite-database.sql.gz

Backup Summary for imransite at 2025-06-25 17:32:33.086814
Config  : ./imransite/private/backups/20250625_173042-imransite-site_config_backup.json 161.0B
Database: ./imransite/private/backups/20250625_173042-imransite-database.sql.gz         453.1KiB
Backup for Site imransite has been successfully completed
set -o pipefail; /usr/bin/mariadb-dump --user=_9e699b00f2a7f104 --host=127.0.0.1 --port=3306 --password=********** --single-transaction --quick --lock-tables=false _9e699b00f2a7f104 | /usr/bin/gzip >> ./imransite/private/backups/20250626_113126-imransite-database.sql.gz

Backup Summary for imransite at 2025-06-26 11:32:46.348114
Config  : ./imransite/private/backups/20250626_113126-imransite-site_config_backup.json 161.0B
Database: ./imransite/private/backups/20250626_113126-imransite-database.sql.gz         467.2KiB
Backup for Site imransite has been successfully completed
