2025-05-24 10:44:39,940 INFO ipython === bench console session ===
2025-05-24 10:44:39,941 INFO ipython frappe.get_doc({
"doctype": "DocType",
"name": "News Alert",
"module": "News Alert",
"custom": 1,
"fields": [
  {"fieldname": "title", "fieldtype": "Data", "label": "Title"},
  {"fieldname": "description", "fieldtype": "small Text", "label": "Description"}
]
}).insert()
2025-05-24 10:44:39,941 INFO ipython q
2025-05-24 10:44:39,941 INFO ipython === session end ===
2025-05-29 06:53:42,018 INFO ipython === bench console session ===
2025-05-29 06:53:42,019 INFO ipython frappe.get_hooks("test_string")
2025-05-29 06:53:42,020 INFO ipython frappe.get_hooks("test_string")
2025-05-29 06:53:42,020 INFO ipython frappe.get_hooks("test_string")
2025-05-29 06:53:42,020 INFO ipython q
2025-05-29 06:53:42,020 INFO ipython === session end ===
2025-05-29 07:38:12,563 INFO ipython === bench console session ===
2025-05-29 07:38:12,563 INFO ipython frappe.get_hooks("test_string")
2025-05-29 07:38:12,564 INFO ipython frappe.get_hooks("test_dict")
2025-05-29 07:38:12,564 INFO ipython frappe.get_hooks("test_list")
2025-05-29 07:38:12,564 INFO ipython === session end ===
